#
# There is insufficient memory for the Java Runtime Environment to continue.
# Native memory allocation (mmap) failed to map 17301504 bytes for committing reserved memory.
# Possible reasons:
#   The system is out of physical RAM or swap space
#   The process is running with CompressedOops enabled, and the Java Heap may be blocking the growth of the native heap
# Possible solutions:
#   Reduce memory load on the system
#   Increase physical memory or swap space
#   Check if swap backing store is full
#   Decrease Java heap size (-Xmx/-Xms)
#   Decrease number of Java threads
#   Decrease Java thread stack sizes (-Xss)
#   Set larger code cache with -XX:ReservedCodeCacheSize=
#   JVM is running with Unscaled Compressed Oops mode in which the Java heap is
#     placed in the first 4GB address space. The Java Heap base address is the
#     maximum limit for the native heap growth. Please use -XX:HeapBaseMinAddress
#     to set the Java Heap base and to place the Java Heap above 4GB virtual address.
# This output file may be truncated or incomplete.
#
#  Out of Memory Error (os_linux.cpp:2753), pid=4285, tid=0x00007f95e7cfc700
#
# JRE version: OpenJDK Runtime Environment (8.0_202) (build 1.8.0_202-release-1483-b49-5587405)
# Java VM: OpenJDK 64-Bit Server VM (25.202-b49-5587405 mixed mode linux-amd64 compressed oops)
# Failed to write core dump. Core dumps have been disabled. To enable core dumping, try "ulimit -c unlimited" before starting Java again
#

---------------  T H R E A D  ---------------

Current thread (0x00007f95fc081000):  VMThread [stack: 0x00007f95e7bfd000,0x00007f95e7cfd000] [id=4290]

Stack: [0x00007f95e7bfd000,0x00007f95e7cfd000],  sp=0x00007f95e7cfb510,  free space=1017k
Native frames: (J=compiled Java code, j=interpreted, Vv=VM code, C=native code)
V  [libjvm.so+0xa08b78]  VMError::report_and_die()+0x148
V  [libjvm.so+0x4d412a]  report_vm_out_of_memory(char const*, int, unsigned long, VMErrorType, char const*)+0x8a
V  [libjvm.so+0x870478]  os::pd_commit_memory(char*, unsigned long, unsigned long, bool)+0xd8
V  [libjvm.so+0x867f9f]  os::commit_memory(char*, unsigned long, unsigned long, bool)+0x1f
V  [libjvm.so+0x8e14eb]  PSVirtualSpace::expand_by(unsigned long)+0x5b
V  [libjvm.so+0x8e2140]  PSYoungGen::resize_generation(unsigned long, unsigned long)+0xb0
V  [libjvm.so+0x8e245b]  PSYoungGen::resize(unsigned long, unsigned long)+0x1b
V  [libjvm.so+0x8deb8e]  PSScavenge::invoke_no_policy()+0xdce
V  [libjvm.so+0x8df348]  PSScavenge::invoke()+0x38
V  [libjvm.so+0x893763]  ParallelScavengeHeap::failed_mem_allocate(unsigned long)+0x63
V  [libjvm.so+0xa0a644]  VM_ParallelGCFailedAllocation::doit()+0x84
V  [libjvm.so+0xa0ea17]  VM_Operation::evaluate()+0x47
V  [libjvm.so+0xa0d498]  VMThread::evaluate_operation(VM_Operation*)+0x218
V  [libjvm.so+0xa0d8d1]  VMThread::loop()+0x1f1
V  [libjvm.so+0xa0dd02]  VMThread::run()+0x72
V  [libjvm.so+0x86d652]  java_start(Thread*)+0xf2

VM_Operation (0x00007f9603d03440): ParallelGCFailedAllocation, mode: safepoint, requested by thread 0x00007f95fc017800


---------------  P R O C E S S  ---------------

Java Threads: ( => current thread )
  0x00007f95fc0c8000 JavaThread "Service Thread" daemon [_thread_blocked, id=4296, stack(0x00007f95e7317000,0x00007f95e7418000)]
  0x00007f95fc0c5000 JavaThread "C1 CompilerThread1" daemon [_thread_blocked, id=4295, stack(0x00007f95e7419000,0x00007f95e7519000)]
  0x00007f95fc0c2800 JavaThread "C2 CompilerThread0" daemon [_thread_blocked, id=4294, stack(0x00007f95e751a000,0x00007f95e761a000)]
  0x00007f95fc0be000 JavaThread "Signal Dispatcher" daemon [_thread_blocked, id=4293, stack(0x00007f95e761a000,0x00007f95e771b000)]
  0x00007f95fc08d000 JavaThread "Finalizer" daemon [_thread_blocked, id=4292, stack(0x00007f95e79fa000,0x00007f95e7afb000)]
  0x00007f95fc08a800 JavaThread "Reference Handler" daemon [_thread_blocked, id=4291, stack(0x00007f95e7afb000,0x00007f95e7bfc000)]
  0x00007f95fc017800 JavaThread "main" [_thread_blocked, id=4287, stack(0x00007f9603c06000,0x00007f9603d06000)]

Other Threads:
=>0x00007f95fc081000 VMThread [stack: 0x00007f95e7bfd000,0x00007f95e7cfd000] [id=4290]
  0x00007f95fc0ca800 WatcherThread [stack: 0x00007f95e7217000,0x00007f95e7317000] [id=4297]

VM state:at safepoint (normal execution)

VM Mutex/Monitor currently owned by a thread:  ([mutex/lock_event])
[0x00007f95fc013ce0] Threads_lock - owner thread: 0x00007f95fc081000
[0x00007f95fc0141e0] Heap_lock - owner thread: 0x00007f95fc017800

heap address: 0x00000000e3a00000, size: 454 MB, Compressed Oops mode: 32-bit
Narrow klass base: 0x0000000000000000, Narrow klass shift: 3
Compressed class space size: 1073741824 Address: 0x0000000100000000

Heap:
 PSYoungGen      total 58368K, used 7650K [0x00000000f6900000, 0x00000000fb300000, 0x0000000100000000)
  eden space 50688K, 0% used [0x00000000f6900000,0x00000000f6900000,0x00000000f9a80000)
  from space 7680K, 99% used [0x00000000fa400000,0x00000000fab78918,0x00000000fab80000)
  to   space 6144K, 0% used [0x00000000fad00000,0x00000000fad00000,0x00000000fb300000)
 ParOldGen       total 27648K, used 22306K [0x00000000e3a00000, 0x00000000e5500000, 0x00000000f6900000)
  object space 27648K, 80% used [0x00000000e3a00000,0x00000000e4fc8ae0,0x00000000e5500000)
 Metaspace       used 31839K, capacity 32355K, committed 32640K, reserved 1077248K
  class space    used 4044K, capacity 4210K, committed 4224K, reserved 1048576K

Card table byte_map: [0x00007f9601339000,0x00007f960141d000] byte_map_base: 0x00007f9600c1c000

Marking Bits: (ParMarkBitMap*) 0x00007f96032d0920
 Begin Bits: [0x00007f960026f000, 0x00007f9600987000)
 End Bits:   [0x00007f9600987000, 0x00007f960109f000)

Polling page: 0x00007f9603d2a000

CodeCache: size=245760Kb used=6917Kb max_used=6917Kb free=238842Kb
 bounds [0x00007f95ed000000, 0x00007f95ed6d0000, 0x00007f95fc000000]
 total_blobs=2694 nmethods=2273 adapters=336
 compilation: enabled

Compilation events (10 events):
Event: 18,758 Thread 0x00007f95fc0c5000 2274       3       java.io.File::<init> (80 bytes)
Event: 18,758 Thread 0x00007f95fc0c5000 nmethod 2274 0x00007f95ed6c2250 code [0x00007f95ed6c23c0, 0x00007f95ed6c2628]
Event: 18,758 Thread 0x00007f95fc0c5000 2275       3       org.jetbrains.kotlin.com.intellij.openapi.util.NotNullLazyValue::getValue (42 bytes)
Event: 18,759 Thread 0x00007f95fc0c5000 nmethod 2275 0x00007f95ed6c2750 code [0x00007f95ed6c2940, 0x00007f95ed6c3298]
Event: 18,759 Thread 0x00007f95fc0c5000 2276       3       org.jetbrains.kotlin.com.intellij.openapi.vfs.local.CoreLocalVirtualFile::isDirectory (14 bytes)
Event: 18,760 Thread 0x00007f95fc0c5000 nmethod 2276 0x00007f95ed6c3610 code [0x00007f95ed6c3780, 0x00007f95ed6c3b28]
Event: 18,766 Thread 0x00007f95fc0c5000 2277       3       org.jetbrains.kotlin.com.intellij.openapi.util.NotNullLazyValue$2::compute (18 bytes)
Event: 18,776 Thread 0x00007f95fc0c5000 nmethod 2277 0x00007f95ed6c3c10 code [0x00007f95ed6c3e80, 0x00007f95ed6c4de8]
Event: 18,776 Thread 0x00007f95fc0c5000 2278       3       org.jetbrains.kotlin.com.intellij.openapi.vfs.local.CoreLocalVirtualFile$$Lambda$83/1801021153::create (11 bytes)
Event: 18,777 Thread 0x00007f95fc0c5000 nmethod 2278 0x00007f95ed6c57d0 code [0x00007f95ed6c5960, 0x00007f95ed6c5bc8]

GC Heap History (10 events):
Event: 3,907 GC heap after
Heap after GC invocations=5 (full 0):
 PSYoungGen      total 17408K, used 1006K [0x00000000f6900000, 0x00000000f9200000, 0x0000000100000000)
  eden space 16384K, 0% used [0x00000000f6900000,0x00000000f6900000,0x00000000f7900000)
  from space 1024K, 98% used [0x00000000f7900000,0x00000000f79fb970,0x00000000f7a00000)
  to   space 4608K, 0% used [0x00000000f8d80000,0x00000000f8d80000,0x00000000f9200000)
 ParOldGen       total 20480K, used 10611K [0x00000000e3a00000, 0x00000000e4e00000, 0x00000000f6900000)
  object space 20480K, 51% used [0x00000000e3a00000,0x00000000e445cd98,0x00000000e4e00000)
 Metaspace       used 12620K, capacity 12862K, committed 13056K, reserved 1060864K
  class space    used 1426K, capacity 1525K, committed 1536K, reserved 1048576K
}
Event: 4,890 GC heap before
{Heap before GC invocations=6 (full 0):
 PSYoungGen      total 17408K, used 17390K [0x00000000f6900000, 0x00000000f9200000, 0x0000000100000000)
  eden space 16384K, 100% used [0x00000000f6900000,0x00000000f7900000,0x00000000f7900000)
  from space 1024K, 98% used [0x00000000f7900000,0x00000000f79fb970,0x00000000f7a00000)
  to   space 4608K, 0% used [0x00000000f8d80000,0x00000000f8d80000,0x00000000f9200000)
 ParOldGen       total 20480K, used 10611K [0x00000000e3a00000, 0x00000000e4e00000, 0x00000000f6900000)
  object space 20480K, 51% used [0x00000000e3a00000,0x00000000e445cd98,0x00000000e4e00000)
 Metaspace       used 16160K, capacity 16488K, committed 16640K, reserved 1064960K
  class space    used 1900K, capacity 2008K, committed 2048K, reserved 1048576K
Event: 4,912 GC heap after
Heap after GC invocations=6 (full 0):
 PSYoungGen      total 36352K, used 4582K [0x00000000f6900000, 0x00000000f9400000, 0x0000000100000000)
  eden space 31744K, 0% used [0x00000000f6900000,0x00000000f6900000,0x00000000f8800000)
  from space 4608K, 99% used [0x00000000f8d80000,0x00000000f91f9800,0x00000000f9200000)
  to   space 5632K, 0% used [0x00000000f8800000,0x00000000f8800000,0x00000000f8d80000)
 ParOldGen       total 20480K, used 11007K [0x00000000e3a00000, 0x00000000e4e00000, 0x00000000f6900000)
  object space 20480K, 53% used [0x00000000e3a00000,0x00000000e44bfc08,0x00000000e4e00000)
 Metaspace       used 16160K, capacity 16488K, committed 16640K, reserved 1064960K
  class space    used 1900K, capacity 2008K, committed 2048K, reserved 1048576K
}
Event: 5,841 GC heap before
{Heap before GC invocations=7 (full 0):
 PSYoungGen      total 36352K, used 21314K [0x00000000f6900000, 0x00000000f9400000, 0x0000000100000000)
  eden space 31744K, 52% used [0x00000000f6900000,0x00000000f7957068,0x00000000f8800000)
  from space 4608K, 99% used [0x00000000f8d80000,0x00000000f91f9800,0x00000000f9200000)
  to   space 5632K, 0% used [0x00000000f8800000,0x00000000f8800000,0x00000000f8d80000)
 ParOldGen       total 20480K, used 11007K [0x00000000e3a00000, 0x00000000e4e00000, 0x00000000f6900000)
  object space 20480K, 53% used [0x00000000e3a00000,0x00000000e44bfc08,0x00000000e4e00000)
 Metaspace       used 20748K, capacity 21122K, committed 21296K, reserved 1069056K
  class space    used 2462K, capacity 2617K, committed 2688K, reserved 1048576K
Event: 5,863 GC heap after
Heap after GC invocations=7 (full 0):
 PSYoungGen      total 37376K, used 5528K [0x00000000f6900000, 0x00000000fb300000, 0x0000000100000000)
  eden space 31744K, 0% used [0x00000000f6900000,0x00000000f6900000,0x00000000f8800000)
  from space 5632K, 98% used [0x00000000f8800000,0x00000000f8d66090,0x00000000f8d80000)
  to   space 6144K, 0% used [0x00000000fad00000,0x00000000fad00000,0x00000000fb300000)
 ParOldGen       total 20480K, used 11257K [0x00000000e3a00000, 0x00000000e4e00000, 0x00000000f6900000)
  object space 20480K, 54% used [0x00000000e3a00000,0x00000000e44fe598,0x00000000e4e00000)
 Metaspace       used 20748K, capacity 21122K, committed 21296K, reserved 1069056K
  class space    used 2462K, capacity 2617K, committed 2688K, reserved 1048576K
}
Event: 5,863 GC heap before
{Heap before GC invocations=8 (full 1):
 PSYoungGen      total 37376K, used 5528K [0x00000000f6900000, 0x00000000fb300000, 0x0000000100000000)
  eden space 31744K, 0% used [0x00000000f6900000,0x00000000f6900000,0x00000000f8800000)
  from space 5632K, 98% used [0x00000000f8800000,0x00000000f8d66090,0x00000000f8d80000)
  to   space 6144K, 0% used [0x00000000fad00000,0x00000000fad00000,0x00000000fb300000)
 ParOldGen       total 20480K, used 11257K [0x00000000e3a00000, 0x00000000e4e00000, 0x00000000f6900000)
  object space 20480K, 54% used [0x00000000e3a00000,0x00000000e44fe598,0x00000000e4e00000)
 Metaspace       used 20748K, capacity 21122K, committed 21296K, reserved 1069056K
  class space    used 2462K, capacity 2617K, committed 2688K, reserved 1048576K
Event: 5,946 GC heap after
Heap after GC invocations=8 (full 1):
 PSYoungGen      total 37376K, used 0K [0x00000000f6900000, 0x00000000fb300000, 0x0000000100000000)
  eden space 31744K, 0% used [0x00000000f6900000,0x00000000f6900000,0x00000000f8800000)
  from space 5632K, 0% used [0x00000000f8800000,0x00000000f8800000,0x00000000f8d80000)
  to   space 6144K, 0% used [0x00000000fad00000,0x00000000fad00000,0x00000000fb300000)
 ParOldGen       total 27648K, used 12074K [0x00000000e3a00000, 0x00000000e5500000, 0x00000000f6900000)
  object space 27648K, 43% used [0x00000000e3a00000,0x00000000e45ca820,0x00000000e5500000)
 Metaspace       used 20748K, capacity 21122K, committed 21296K, reserved 1069056K
  class space    used 2462K, capacity 2617K, committed 2688K, reserved 1048576K
}
Event: 7,579 GC heap before
{Heap before GC invocations=9 (full 1):
 PSYoungGen      total 37376K, used 31744K [0x00000000f6900000, 0x00000000fb300000, 0x0000000100000000)
  eden space 31744K, 100% used [0x00000000f6900000,0x00000000f8800000,0x00000000f8800000)
  from space 5632K, 0% used [0x00000000f8800000,0x00000000f8800000,0x00000000f8d80000)
  to   space 6144K, 0% used [0x00000000fad00000,0x00000000fad00000,0x00000000fb300000)
 ParOldGen       total 27648K, used 12074K [0x00000000e3a00000, 0x00000000e5500000, 0x00000000f6900000)
  object space 27648K, 43% used [0x00000000e3a00000,0x00000000e45ca820,0x00000000e5500000)
 Metaspace       used 23449K, capacity 23908K, committed 24064K, reserved 1071104K
  class space    used 2824K, capacity 2986K, committed 3072K, reserved 1048576K
Event: 7,628 GC heap after
Heap after GC invocations=9 (full 1):
 PSYoungGen      total 56832K, used 6133K [0x00000000f6900000, 0x00000000fb300000, 0x0000000100000000)
  eden space 50688K, 0% used [0x00000000f6900000,0x00000000f6900000,0x00000000f9a80000)
  from space 6144K, 99% used [0x00000000fad00000,0x00000000fb2fd4c8,0x00000000fb300000)
  to   space 7680K, 0% used [0x00000000fa400000,0x00000000fa400000,0x00000000fab80000)
 ParOldGen       total 27648K, used 12747K [0x00000000e3a00000, 0x00000000e5500000, 0x00000000f6900000)
  object space 27648K, 46% used [0x00000000e3a00000,0x00000000e4672dc0,0x00000000e5500000)
 Metaspace       used 23449K, capacity 23908K, committed 24064K, reserved 1071104K
  class space    used 2824K, capacity 2986K, committed 3072K, reserved 1048576K
}
Event: 18,984 GC heap before
{Heap before GC invocations=10 (full 1):
 PSYoungGen      total 56832K, used 56821K [0x00000000f6900000, 0x00000000fb300000, 0x0000000100000000)
  eden space 50688K, 100% used [0x00000000f6900000,0x00000000f9a80000,0x00000000f9a80000)
  from space 6144K, 99% used [0x00000000fad00000,0x00000000fb2fd4c8,0x00000000fb300000)
  to   space 7680K, 0% used [0x00000000fa400000,0x00000000fa400000,0x00000000fab80000)
 ParOldGen       total 27648K, used 12747K [0x00000000e3a00000, 0x00000000e5500000, 0x00000000f6900000)
  object space 27648K, 46% used [0x00000000e3a00000,0x00000000e4672dc0,0x00000000e5500000)
 Metaspace       used 31839K, capacity 32355K, committed 32640K, reserved 1077248K
  class space    used 4044K, capacity 4210K, committed 4224K, reserved 1048576K

Deoptimization events (10 events):
Event: 5,640 Thread 0x00007f95fc017800 Uncommon trap: reason=class_check action=maybe_recompile pc=0x00007f95ed35e1c0 method=java.util.Collections$UnmodifiableCollection.size()I @ 4
Event: 5,645 Thread 0x00007f95fc017800 Uncommon trap: reason=unstable_if action=reinterpret pc=0x00007f95ed1c7a8c method=java.lang.String.startsWith(Ljava/lang/String;I)Z @ 25
Event: 6,210 Thread 0x00007f95fc017800 Uncommon trap: reason=unstable_if action=reinterpret pc=0x00007f95ed37447c method=java.lang.String.<init>([CII)V @ 18
Event: 7,888 Thread 0x00007f95fc017800 Uncommon trap: reason=unstable_if action=reinterpret pc=0x00007f95ed502930 method=org.jetbrains.kotlin.protobuf.CodedInputStream.readRawVarint32()I @ 10
Event: 8,097 Thread 0x00007f95fc017800 Uncommon trap: reason=class_check action=maybe_recompile pc=0x00007f95ed516008 method=org.jetbrains.kotlin.protobuf.CodedInputStream.tryRefillBuffer(I)Z @ 177
Event: 8,105 Thread 0x00007f95fc017800 Uncommon trap: reason=class_check action=maybe_recompile pc=0x00007f95ed516008 method=org.jetbrains.kotlin.protobuf.CodedInputStream.tryRefillBuffer(I)Z @ 177
Event: 8,108 Thread 0x00007f95fc017800 Uncommon trap: reason=class_check action=maybe_recompile pc=0x00007f95ed516008 method=org.jetbrains.kotlin.protobuf.CodedInputStream.tryRefillBuffer(I)Z @ 177
Event: 8,116 Thread 0x00007f95fc017800 Uncommon trap: reason=class_check action=maybe_recompile pc=0x00007f95ed516008 method=org.jetbrains.kotlin.protobuf.CodedInputStream.tryRefillBuffer(I)Z @ 177
Event: 8,792 Thread 0x00007f95fc017800 Uncommon trap: reason=range_check action=make_not_entrant pc=0x00007f95ed37d280 method=sun.reflect.generics.parser.SignatureParser.current()C @ 34
Event: 9,011 Thread 0x00007f95fc017800 Uncommon trap: reason=unstable_if action=reinterpret pc=0x00007f95ed59e920 method=java.lang.reflect.Method.equals(Ljava/lang/Object;)Z @ 49

Classes redefined (0 events):
No events

Internal exceptions (10 events):
Event: 9,036 Thread 0x00007f95fc017800 Exception <a 'java/lang/ArrayIndexOutOfBoundsException'> (0x00000000f7e14000) thrown at [/usr/local/google/buildbot/src/googleplex-android/openjdk/out/hotspot/src/share/vm/runtime/sharedRuntime.cpp, line 605]
Event: 9,036 Thread 0x00007f95fc017800 Exception <a 'java/lang/ArrayIndexOutOfBoundsException'> (0x00000000f7e14fa8) thrown at [/usr/local/google/buildbot/src/googleplex-android/openjdk/out/hotspot/src/share/vm/runtime/sharedRuntime.cpp, line 605]
Event: 9,048 Thread 0x00007f95fc017800 Exception <a 'java/lang/ArrayIndexOutOfBoundsException'> (0x00000000f7e2efb0) thrown at [/usr/local/google/buildbot/src/googleplex-android/openjdk/out/hotspot/src/share/vm/runtime/sharedRuntime.cpp, line 605]
Event: 9,048 Thread 0x00007f95fc017800 Exception <a 'java/lang/ArrayIndexOutOfBoundsException'> (0x00000000f7e305f0) thrown at [/usr/local/google/buildbot/src/googleplex-android/openjdk/out/hotspot/src/share/vm/runtime/sharedRuntime.cpp, line 605]
Event: 9,049 Thread 0x00007f95fc017800 Exception <a 'java/lang/ArrayIndexOutOfBoundsException'> (0x00000000f7e31728) thrown at [/usr/local/google/buildbot/src/googleplex-android/openjdk/out/hotspot/src/share/vm/runtime/sharedRuntime.cpp, line 605]
Event: 9,054 Thread 0x00007f95fc017800 Exception <a 'java/lang/ArrayIndexOutOfBoundsException'> (0x00000000f7e52eb0) thrown at [/usr/local/google/buildbot/src/googleplex-android/openjdk/out/hotspot/src/share/vm/runtime/sharedRuntime.cpp, line 605]
Event: 9,055 Thread 0x00007f95fc017800 Exception <a 'java/lang/ArrayIndexOutOfBoundsException'> (0x00000000f7e57cb0) thrown at [/usr/local/google/buildbot/src/googleplex-android/openjdk/out/hotspot/src/share/vm/runtime/sharedRuntime.cpp, line 605]
Event: 9,058 Thread 0x00007f95fc017800 Exception <a 'java/lang/ArrayIndexOutOfBoundsException'> (0x00000000f7e627e8) thrown at [/usr/local/google/buildbot/src/googleplex-android/openjdk/out/hotspot/src/share/vm/runtime/sharedRuntime.cpp, line 605]
Event: 9,059 Thread 0x00007f95fc017800 Exception <a 'java/lang/ArrayIndexOutOfBoundsException'> (0x00000000f7e66618) thrown at [/usr/local/google/buildbot/src/googleplex-android/openjdk/out/hotspot/src/share/vm/runtime/sharedRuntime.cpp, line 605]
Event: 9,074 Thread 0x00007f95fc017800 Exception <a 'java/lang/ArrayIndexOutOfBoundsException'> (0x00000000f7e78698) thrown at [/usr/local/google/buildbot/src/googleplex-android/openjdk/out/hotspot/src/share/vm/runtime/sharedRuntime.cpp, line 605]

Events (10 events):
Event: 16,920 loading class org/jetbrains/kotlin/resolve/calls/results/FlatSignatureForResolvedCallKt$createOverloadingConflictResolver$5 done
Event: 16,922 loading class org/jetbrains/kotlin/resolve/CodeAnalyzerInitializer$Companion
Event: 16,922 loading class org/jetbrains/kotlin/resolve/CodeAnalyzerInitializer$Companion done
Event: 16,927 loading class org/jetbrains/kotlin/context/MutableModuleContext$DefaultImpls
Event: 16,927 loading class org/jetbrains/kotlin/context/MutableModuleContext$DefaultImpls done
Event: 17,001 loading class org/jetbrains/kotlin/load/kotlin/incremental/IncrementalPackagePartProvider
Event: 17,001 loading class org/jetbrains/kotlin/load/kotlin/incremental/IncrementalPackagePartProvider done
Event: 17,017 loading class org/jetbrains/kotlin/android/synthetic/res/AndroidLayoutXmlFileManager$getVariantData$1
Event: 17,017 loading class org/jetbrains/kotlin/android/synthetic/res/AndroidLayoutXmlFileManager$getVariantData$1 done
Event: 18,979 Executing VM operation: ParallelGCFailedAllocation


Dynamic libraries:
00400000-00401000 r-xp 00000000 08:07 829600                             /usr/local/android-studio/jre/jre/bin/java
00401000-00402000 rw-p 00000000 08:07 829600                             /usr/local/android-studio/jre/jre/bin/java
0214e000-0216f000 rw-p 00000000 00:00 0                                  [heap]
e3a00000-e5500000 rw-p 00000000 00:00 0 
e5500000-f6900000 ---p 00000000 00:00 0 
f6900000-fb300000 rw-p 00000000 00:00 0 
fc380000-100000000 ---p 00000000 00:00 0 
100000000-100420000 rw-p 00000000 00:00 0 
100420000-140000000 ---p 00000000 00:00 0 
7f95bc000000-7f95bc021000 rw-p 00000000 00:00 0 
7f95bc021000-7f95c0000000 ---p 00000000 00:00 0 
7f95c0fff000-7f95c4000000 rw-p 00000000 00:00 0 
7f95c4000000-7f95c48bb000 rw-p 00000000 00:00 0 
7f95c48bb000-7f95c8000000 ---p 00000000 00:00 0 
7f95c8000000-7f95c8021000 rw-p 00000000 00:00 0 
7f95c8021000-7f95cc000000 ---p 00000000 00:00 0 
7f95cc000000-7f95cc021000 rw-p 00000000 00:00 0 
7f95cc021000-7f95d0000000 ---p 00000000 00:00 0 
7f95d0000000-7f95d17f5000 rw-p 00000000 00:00 0 
7f95d17f5000-7f95d4000000 ---p 00000000 00:00 0 
7f95d4000000-7f95d4021000 rw-p 00000000 00:00 0 
7f95d4021000-7f95d8000000 ---p 00000000 00:00 0 
7f95d8000000-7f95d8021000 rw-p 00000000 00:00 0 
7f95d8021000-7f95dc000000 ---p 00000000 00:00 0 
7f95dc000000-7f95dc2c4000 rw-p 00000000 00:00 0 
7f95dc2c4000-7f95e0000000 ---p 00000000 00:00 0 
7f95e0000000-7f95e0021000 rw-p 00000000 00:00 0 
7f95e0021000-7f95e4000000 ---p 00000000 00:00 0 
7f95e5588000-7f95e5748000 rw-p 00000000 00:00 0 
7f95e5748000-7f95e5788000 ---p 00000000 00:00 0 
7f95e5788000-7f95e5988000 rw-p 00000000 00:00 0 
7f95e5988000-7f95e5b88000 rw-p 00000000 00:00 0 
7f95e5b88000-7f95e5d88000 rw-p 00000000 00:00 0 
7f95e5e8c000-7f95e5e98000 r--s 0004e000 08:08 925192                     /home/reno/.gradle/caches/modules-2/files-2.1/org.kodein.di/kodein-di-generic-jvm/5.2.0/28c5633dc0fc83945e6e9c65c554716221312b0c/kodein-di-generic-jvm-5.2.0.jar
7f95e5e9c000-7f95e5ea3000 r--s 00053000 08:08 1069493                    /home/reno/.gradle/caches/modules-2/files-2.1/org.kodein.di/kodein-di-core-jvm/5.2.0/f69e6460802b56c7912e915968ce3c7f5d49b165/kodein-di-core-jvm-5.2.0.jar
7f95e5ea3000-7f95e5ebc000 r--s 0015b000 08:08 1179905                    /home/reno/.gradle/caches/modules-2/files-2.1/org.jetbrains.kotlinx/kotlinx-coroutines-core/1.3.0/36fa8555d92456448ec19e64b00be830df9a7fb5/kotlinx-coroutines-core-1.3.0.jar
7f95e5ebc000-7f95e60bc000 rw-p 00000000 00:00 0 
7f95e60bc000-7f95e62bc000 rw-p 00000000 00:00 0 
7f95e62bc000-7f95e64bc000 rw-p 00000000 00:00 0 
7f95e64bc000-7f95e66bc000 rw-p 00000000 00:00 0 
7f95e66bc000-7f95e68bc000 rw-p 00000000 00:00 0 
7f95e68bc000-7f95e6abc000 rw-p 00000000 00:00 0 
7f95e6abc000-7f95e6abe000 r-xp 00000000 08:07 268375                     /lib/x86_64-linux-gnu/libutil-2.27.so
7f95e6abe000-7f95e6cbd000 ---p 00002000 08:07 268375                     /lib/x86_64-linux-gnu/libutil-2.27.so
7f95e6cbd000-7f95e6cbe000 r--p 00001000 08:07 268375                     /lib/x86_64-linux-gnu/libutil-2.27.so
7f95e6cbe000-7f95e6cbf000 rw-p 00002000 08:07 268375                     /lib/x86_64-linux-gnu/libutil-2.27.so
7f95e6cc4000-7f95e6cc8000 r--s 0001f000 08:08 796649                     /home/reno/.gradle/caches/transforms-2/files-2.1/f04cb7e8067987bbef07afa47ab34894/kodein-di-framework-android-core-5.2.0-api.jar
7f95e6cc8000-7f95e6ccc000 r--s 0001c000 08:08 1184839                    /home/reno/.gradle/caches/modules-2/files-2.1/com.squareup.retrofit2/retrofit/2.6.1/e09f83ea4eddf07fc956778dbda3c2d2b0b3ce7f/retrofit-2.6.1.jar
7f95e6ccc000-7f95e6cce000 r--s 00002000 08:08 669852                     /home/reno/.gradle/caches/modules-2/files-2.1/com.jakewharton.retrofit/retrofit2-kotlin-coroutines-adapter/0.9.2/b3bddf47b1016bfa9e1c5a2d81f8066b33770aec/retrofit2-kotlin-coroutines-adapter-0.9.2.jar
7f95e6cce000-7f95e6ccf000 r--s 00004000 08:08 532259                     /home/reno/.gradle/caches/transforms-2/files-2.1/36137d07e266dd8cc4eee81088b6bb2d/jetified-kotlinx-coroutines-android-1.3.0.jar
7f95e6cd1000-7f95e6cd8000 r--s 0004e000 08:08 540454                     /home/reno/.gradle/caches/modules-2/files-2.1/org.jetbrains.kotlin/kotlin-android-extensions/1.3.61/54ca7c214a5cd73cd887a42002266e25440097f2/kotlin-android-extensions-1.3.61.jar
7f95e6cd8000-7f95e6cdb000 r-xp 00000000 08:07 4827                       /tmp/libjansi-1.3.61-release-180 (1.3.61)-5814171568939356360.so
7f95e6cdb000-7f95e6eda000 ---p 00003000 08:07 4827                       /tmp/libjansi-1.3.61-release-180 (1.3.61)-5814171568939356360.so
7f95e6eda000-7f95e6edb000 rw-p 00002000 08:07 4827                       /tmp/libjansi-1.3.61-release-180 (1.3.61)-5814171568939356360.so
7f95e6edb000-7f95e6ef1000 r-xp 00000000 08:07 829573                     /usr/local/android-studio/jre/jre/lib/amd64/libnet.so
7f95e6ef1000-7f95e6ef2000 rw-p 00016000 08:07 829573                     /usr/local/android-studio/jre/jre/lib/amd64/libnet.so
7f95e6ef2000-7f95e6f02000 r-xp 00000000 08:07 829591                     /usr/local/android-studio/jre/jre/lib/amd64/libnio.so
7f95e6f02000-7f95e6f03000 rw-p 00010000 08:07 829591                     /usr/local/android-studio/jre/jre/lib/amd64/libnio.so
7f95e6f03000-7f95e6f7d000 r--s 01102000 08:07 829493                     /usr/local/android-studio/jre/lib/tools.jar
7f95e6f7d000-7f95e6f94000 r--s 00109000 08:08 786465                     /home/reno/.gradle/caches/modules-2/files-2.1/org.jetbrains.kotlin/kotlin-daemon-embeddable/1.3.61/4de83e41a92c8395d89ab2e81d26b788ba163824/kotlin-daemon-embeddable-1.3.61.jar
7f95e6f94000-7f95e6fce000 r--s 00283000 08:08 275461                     /home/reno/.gradle/caches/modules-2/files-2.1/org.jetbrains.kotlin/kotlin-reflect/1.3.61/2e07c9a84c9e118efb70eede7e579fd663932122/kotlin-reflect-1.3.61.jar
7f95e6fce000-7f95e7216000 r--s 022aa000 08:08 540466                     /home/reno/.gradle/caches/modules-2/files-2.1/org.jetbrains.kotlin/kotlin-compiler-embeddable/1.3.61/c35c0833d5a1e3d229359758482c480306724618/kotlin-compiler-embeddable-1.3.61.jar
7f95e7216000-7f95e7217000 ---p 00000000 00:00 0 
7f95e7217000-7f95e7317000 rw-p 00000000 00:00 0 
7f95e7317000-7f95e731a000 ---p 00000000 00:00 0 
7f95e731a000-7f95e7418000 rw-p 00000000 00:00 0 
7f95e7418000-7f95e7419000 ---p 00000000 00:00 0 
7f95e7419000-7f95e741c000 ---p 00000000 00:00 0 
7f95e741c000-7f95e7519000 rw-p 00000000 00:00 0 
7f95e7519000-7f95e751a000 ---p 00000000 00:00 0 
7f95e751a000-7f95e751d000 ---p 00000000 00:00 0 
7f95e751d000-7f95e761a000 rw-p 00000000 00:00 0 
7f95e761a000-7f95e761d000 ---p 00000000 00:00 0 
7f95e761d000-7f95e771b000 rw-p 00000000 00:00 0 
7f95e771b000-7f95e79fa000 r--p 00000000 08:07 793664                     /usr/lib/locale/locale-archive
7f95e79fa000-7f95e79fd000 ---p 00000000 00:00 0 
7f95e79fd000-7f95e7afb000 rw-p 00000000 00:00 0 
7f95e7afb000-7f95e7afe000 ---p 00000000 00:00 0 
7f95e7afe000-7f95e7bfc000 rw-p 00000000 00:00 0 
7f95e7bfc000-7f95e7bfd000 ---p 00000000 00:00 0 
7f95e7bfd000-7f95e8000000 rw-p 00000000 00:00 0 
7f95e8000000-7f95e8021000 rw-p 00000000 00:00 0 
7f95e8021000-7f95ec000000 ---p 00000000 00:00 0 
7f95ec001000-7f95ec004000 r--s 00009000 08:08 1061647                    /home/reno/.gradle/caches/modules-2/files-2.1/org.kodein.di/kodein-di-core-common/5.2.0/c8a07144834a7a9b74e1110dc043807bfefd61dd/kodein-di-core-common-5.2.0.jar
7f95ec004000-7f95ec005000 r--s 00001000 08:08 400870                     /home/reno/.gradle/caches/transforms-2/files-2.1/0cf0e6758658213ba27ec3a66e70febf/lifecycle-viewmodel-ktx-2.1.0-api.jar
7f95ec005000-7f95ec009000 r--s 000a1000 08:07 829598                     /usr/local/android-studio/jre/jre/lib/jsse.jar
7f95ec009000-7f95ec014000 r--s 00081000 08:08 540861                     /home/reno/.gradle/caches/modules-2/files-2.1/org.jetbrains.intellij.deps/trove4j/1.0.20181211/216c2e14b070f334479d800987affe4054cd563f/trove4j-1.0.20181211.jar
7f95ec014000-7f95ec028000 r--s 00131000 08:08 540474                     /home/reno/.gradle/caches/modules-2/files-2.1/org.jetbrains.kotlin/kotlin-stdlib/1.3.61/4702105e97f7396ae41b113fdbdc180ec1eb1e36/kotlin-stdlib-1.3.61.jar
7f95ec028000-7f95ec62e000 rw-p 00000000 00:00 0 
7f95ec62e000-7f95ec800000 r--s 03cad000 08:07 829597                     /usr/local/android-studio/jre/jre/lib/rt.jar
7f95ec800000-7f95ed000000 rw-p 00000000 00:00 0 
7f95ed000000-7f95ed6d0000 rwxp 00000000 00:00 0 
7f95ed6d0000-7f95fc000000 ---p 00000000 00:00 0 
7f95fc000000-7f95fcf4c000 rw-p 00000000 00:00 0 
7f95fcf4c000-7f9600000000 ---p 00000000 00:00 0 
7f9600000000-7f9600002000 r--s 00002000 08:08 796397                     /home/reno/.gradle/caches/transforms-2/files-2.1/1105fe491a8a11be2ccbfe11e7fe3b58/kodein-di-framework-android-x-5.2.0-api.jar
7f9600002000-7f960000a000 r--s 00022000 08:08 668841                     /home/reno/.gradle/caches/modules-2/files-2.1/org.jetbrains.kotlin/kotlin-stdlib-common/1.3.61/65abb71d5afb850b68be03987b08e2c864ca3110/kotlin-stdlib-common-1.3.61.jar
7f960000a000-7f960109f000 rw-p 00000000 00:00 0 
7f960109f000-7f96010a0000 ---p 00000000 00:00 0 
7f96010a0000-7f96011a0000 rw-p 00000000 00:00 0 
7f96011a0000-7f96011a1000 ---p 00000000 00:00 0 
7f96011a1000-7f96012af000 rw-p 00000000 00:00 0 
7f96012af000-7f9601339000 ---p 00000000 00:00 0 
7f9601339000-7f9601347000 rw-p 00000000 00:00 0 
7f9601347000-7f96013d0000 ---p 00000000 00:00 0 
7f96013d0000-7f96013f6000 rw-p 00000000 00:00 0 
7f96013f6000-7f960141c000 ---p 00000000 00:00 0 
7f960141c000-7f9601439000 rw-p 00000000 00:00 0 
7f9601439000-7f96017dd000 ---p 00000000 00:00 0 
7f96017dd000-7f96017e8000 r-xp 00000000 08:07 268298                     /lib/x86_64-linux-gnu/libnss_files-2.27.so
7f96017e8000-7f96019e7000 ---p 0000b000 08:07 268298                     /lib/x86_64-linux-gnu/libnss_files-2.27.so
7f96019e7000-7f96019e8000 r--p 0000a000 08:07 268298                     /lib/x86_64-linux-gnu/libnss_files-2.27.so
7f96019e8000-7f96019e9000 rw-p 0000b000 08:07 268298                     /lib/x86_64-linux-gnu/libnss_files-2.27.so
7f96019e9000-7f96019ef000 rw-p 00000000 00:00 0 
7f96019ef000-7f9601a06000 r-xp 00000000 08:07 268292                     /lib/x86_64-linux-gnu/libnsl-2.27.so
7f9601a06000-7f9601c05000 ---p 00017000 08:07 268292                     /lib/x86_64-linux-gnu/libnsl-2.27.so
7f9601c05000-7f9601c06000 r--p 00016000 08:07 268292                     /lib/x86_64-linux-gnu/libnsl-2.27.so
7f9601c06000-7f9601c07000 rw-p 00017000 08:07 268292                     /lib/x86_64-linux-gnu/libnsl-2.27.so
7f9601c07000-7f9601c09000 rw-p 00000000 00:00 0 
7f9601c09000-7f9601c14000 r-xp 00000000 08:07 268309                     /lib/x86_64-linux-gnu/libnss_nis-2.27.so
7f9601c14000-7f9601e13000 ---p 0000b000 08:07 268309                     /lib/x86_64-linux-gnu/libnss_nis-2.27.so
7f9601e13000-7f9601e14000 r--p 0000a000 08:07 268309                     /lib/x86_64-linux-gnu/libnss_nis-2.27.so
7f9601e14000-7f9601e15000 rw-p 0000b000 08:07 268309                     /lib/x86_64-linux-gnu/libnss_nis-2.27.so
7f9601e15000-7f9601e1d000 r-xp 00000000 08:07 268294                     /lib/x86_64-linux-gnu/libnss_compat-2.27.so
7f9601e1d000-7f960201d000 ---p 00008000 08:07 268294                     /lib/x86_64-linux-gnu/libnss_compat-2.27.so
7f960201d000-7f960201e000 r--p 00008000 08:07 268294                     /lib/x86_64-linux-gnu/libnss_compat-2.27.so
7f960201e000-7f960201f000 rw-p 00009000 08:07 268294                     /lib/x86_64-linux-gnu/libnss_compat-2.27.so
7f960201f000-7f9602026000 r-xp 00000000 08:07 268349                     /lib/x86_64-linux-gnu/librt-2.27.so
7f9602026000-7f9602225000 ---p 00007000 08:07 268349                     /lib/x86_64-linux-gnu/librt-2.27.so
7f9602225000-7f9602226000 r--p 00006000 08:07 268349                     /lib/x86_64-linux-gnu/librt-2.27.so
7f9602226000-7f9602227000 rw-p 00007000 08:07 268349                     /lib/x86_64-linux-gnu/librt-2.27.so
7f9602227000-7f96023c4000 r-xp 00000000 08:07 268271                     /lib/x86_64-linux-gnu/libm-2.27.so
7f96023c4000-7f96025c3000 ---p 0019d000 08:07 268271                     /lib/x86_64-linux-gnu/libm-2.27.so
7f96025c3000-7f96025c4000 r--p 0019c000 08:07 268271                     /lib/x86_64-linux-gnu/libm-2.27.so
7f96025c4000-7f96025c5000 rw-p 0019d000 08:07 268271                     /lib/x86_64-linux-gnu/libm-2.27.so
7f96025c5000-7f96031eb000 r-xp 00000000 08:07 829584                     /usr/local/android-studio/jre/jre/lib/amd64/server/libjvm.so
7f96031eb000-7f96032bb000 rw-p 00c26000 08:07 829584                     /usr/local/android-studio/jre/jre/lib/amd64/server/libjvm.so
7f96032bb000-7f96032ff000 rw-p 00000000 00:00 0 
7f96032ff000-7f96034e6000 r-xp 00000000 08:07 268208                     /lib/x86_64-linux-gnu/libc-2.27.so
7f96034e6000-7f96036e6000 ---p 001e7000 08:07 268208                     /lib/x86_64-linux-gnu/libc-2.27.so
7f96036e6000-7f96036ea000 r--p 001e7000 08:07 268208                     /lib/x86_64-linux-gnu/libc-2.27.so
7f96036ea000-7f96036ec000 rw-p 001eb000 08:07 268208                     /lib/x86_64-linux-gnu/libc-2.27.so
7f96036ec000-7f96036f0000 rw-p 00000000 00:00 0 
7f96036f0000-7f96036f3000 r-xp 00000000 08:07 268231                     /lib/x86_64-linux-gnu/libdl-2.27.so
7f96036f3000-7f96038f2000 ---p 00003000 08:07 268231                     /lib/x86_64-linux-gnu/libdl-2.27.so
7f96038f2000-7f96038f3000 r--p 00002000 08:07 268231                     /lib/x86_64-linux-gnu/libdl-2.27.so
7f96038f3000-7f96038f4000 rw-p 00003000 08:07 268231                     /lib/x86_64-linux-gnu/libdl-2.27.so
7f96038f4000-7f960390e000 r-xp 00000000 08:07 268341                     /lib/x86_64-linux-gnu/libpthread-2.27.so
7f960390e000-7f9603b0d000 ---p 0001a000 08:07 268341                     /lib/x86_64-linux-gnu/libpthread-2.27.so
7f9603b0d000-7f9603b0e000 r--p 00019000 08:07 268341                     /lib/x86_64-linux-gnu/libpthread-2.27.so
7f9603b0e000-7f9603b0f000 rw-p 0001a000 08:07 268341                     /lib/x86_64-linux-gnu/libpthread-2.27.so
7f9603b0f000-7f9603b13000 rw-p 00000000 00:00 0 
7f9603b13000-7f9603b3a000 r-xp 00000000 08:07 268180                     /lib/x86_64-linux-gnu/ld-2.27.so
7f9603b3a000-7f9603b3c000 r--s 00003000 08:08 789922                     /home/reno/.gradle/caches/modules-2/files-2.1/org.jetbrains/annotations/13.0/919f0dfe192fb4e063e7dacadee7f8bb9a2672a9/annotations-13.0.jar
7f9603b3c000-7f9603b3e000 r--s 00009000 08:08 540540                     /home/reno/.gradle/caches/modules-2/files-2.1/org.jetbrains.kotlin/kotlin-script-runtime/1.3.61/e5feb39c8de63dcbdc1154b34ca4413874231605/kotlin-script-runtime-1.3.61.jar
7f9603b3e000-7f9603bbd000 rw-p 00000000 00:00 0 
7f9603bbd000-7f9603bd8000 r-xp 00000000 08:07 829569                     /usr/local/android-studio/jre/jre/lib/amd64/libzip.so
7f9603bd8000-7f9603bd9000 rw-p 0001a000 08:07 829569                     /usr/local/android-studio/jre/jre/lib/amd64/libzip.so
7f9603bd9000-7f9603c03000 r-xp 00000000 08:07 829577                     /usr/local/android-studio/jre/jre/lib/amd64/libjava.so
7f9603c03000-7f9603c05000 rw-p 0002a000 08:07 829577                     /usr/local/android-studio/jre/jre/lib/amd64/libjava.so
7f9603c05000-7f9603c06000 ---p 00000000 00:00 0 
7f9603c06000-7f9603c09000 ---p 00000000 00:00 0 
7f9603c09000-7f9603d08000 rw-p 00000000 00:00 0 
7f9603d08000-7f9603d1e000 r-xp 00000000 08:07 829557                     /usr/local/android-studio/jre/jre/lib/amd64/jli/libjli.so
7f9603d1e000-7f9603d1f000 rw-p 00015000 08:07 829557                     /usr/local/android-studio/jre/jre/lib/amd64/jli/libjli.so
7f9603d1f000-7f9603d21000 rw-p 00000000 00:00 0 
7f9603d21000-7f9603d29000 rw-s 00000000 08:07 4824                       /tmp/hsperfdata_reno/4285
7f9603d29000-7f9603d2a000 rw-p 00000000 00:00 0 
7f9603d2a000-7f9603d2b000 ---p 00000000 00:00 0 
7f9603d2b000-7f9603d38000 r-xp 00000000 08:07 829565                     /usr/local/android-studio/jre/jre/lib/amd64/libverify.so
7f9603d38000-7f9603d3a000 rw-p 0000c000 08:07 829565                     /usr/local/android-studio/jre/jre/lib/amd64/libverify.so
7f9603d3a000-7f9603d3b000 r--p 00027000 08:07 268180                     /lib/x86_64-linux-gnu/ld-2.27.so
7f9603d3b000-7f9603d3c000 rw-p 00028000 08:07 268180                     /lib/x86_64-linux-gnu/ld-2.27.so
7f9603d3c000-7f9603d3d000 rw-p 00000000 00:00 0 
7ffe23287000-7ffe232ae000 rw-p 00000000 00:00 0                          [stack]
7ffe232cf000-7ffe232d2000 r--p 00000000 00:00 0                          [vvar]
7ffe232d2000-7ffe232d4000 r-xp 00000000 00:00 0                          [vdso]
ffffffffff600000-ffffffffff601000 r-xp 00000000 00:00 0                  [vsyscall]

VM Arguments:
java_command: org.jetbrains.kotlin.cli.jvm.K2JVMCompiler -Xallow-no-source-files -classpath /home/reno/.gradle/caches/modules-2/files-2.1/org.jetbrains.kotlin/kotlin-android-extensions-runtime/1.3.61/289bdf25b4886749e040c7a7d3aab8a57f85c631/kotlin-android-extensions-runtime-1.3.61.jar:/home/reno/.gradle/caches/modules-2/files-2.1/org.jetbrains.kotlin/kotlin-stdlib-jdk7/1.3.61/70dffc5f8ac5ea7c34f30deac5b9d8b1d48af066/kotlin-stdlib-jdk7-1.3.61.jar:/home/reno/.gradle/caches/transforms-2/files-2.1/64bdc96c1e47dcd26c3731d02190705c/core-ktx-1.1.0-api.jar:/home/reno/.gradle/caches/transforms-2/files-2.1/0cf0e6758658213ba27ec3a66e70febf/lifecycle-viewmodel-ktx-2.1.0-api.jar:/home/reno/.gradle/caches/transforms-2/files-2.1/36137d07e266dd8cc4eee81088b6bb2d/jetified-kotlinx-coroutines-android-1.3.0.jar:/home/reno/.gradle/caches/modules-2/files-2.1/com.jakewharton.retrofit/retrofit2-kotlin-coroutines-adapter/0.9.2/b3bddf47b1016bfa9e1c5a2d81f8066b33770aec/retrofit2-kotlin-coroutines-adapter-0.9.2.jar:/home/reno/.gradle/caches/modules-2/files-2.1/org.jetbrains.kotlinx/kotlinx-coroutines-core/1.3.0/36fa8555d92456448ec19e64b00be830df9a7fb5/kotlinx-coroutines-core-1.3.0.jar:/home/reno/.gradle/caches/modules-2/files-2.1/org.jetbrains.kotlin/kotlin-stdlib/1.3.61/4702105e97f7396ae41b113fdbdc180ec1eb1e36/kotlin-stdlib-1.3.61.jar:/home/reno/.gradle/caches/modules-2/files-2.1/org.jetbrains.kotlin/kotlin-stdlib-common/1.3.61/65abb71d5afb850b68be03987b08e2c864ca3110/kotlin-stdlib-common-1.3.61.jar:/home/reno/.gradle/caches/modules-2/files-2.1/org.jetbrains/annotations/13.0/919f0dfe192fb4e063e7dacadee7f8bb9a2672a9/annotations-13.0.jar:/home/reno/.gradle/caches/transforms-2/files-2.1/a1d51d1420a7b8df1a8ccfc173003e63/material-1.0.0-api.jar:/home/reno/.gradle/caches/transforms-2/files-2.1/8ec246e1ad6bee47d9d3e76c54f0c68d/appcompat-1.1.0-api.jar:/home/reno/.gradle/caches/transforms-2/files-2.1/5a25df78219dac3fb0417d400be1fe1d/legacy-support-v4-1.0.0-api.jar:/home/reno/.gradle/caches/transforms
java_class_path (initial): /home/reno/.gradle/caches/modules-2/files-2.1/org.jetbrains.kotlin/kotlin-compiler-embeddable/1.3.61/c35c0833d5a1e3d229359758482c480306724618/kotlin-compiler-embeddable-1.3.61.jar:/home/reno/.gradle/caches/modules-2/files-2.1/org.jetbrains.kotlin/kotlin-reflect/1.3.61/2e07c9a84c9e118efb70eede7e579fd663932122/kotlin-reflect-1.3.61.jar:/home/reno/.gradle/caches/modules-2/files-2.1/org.jetbrains.kotlin/kotlin-stdlib/1.3.61/4702105e97f7396ae41b113fdbdc180ec1eb1e36/kotlin-stdlib-1.3.61.jar:/home/reno/.gradle/caches/modules-2/files-2.1/org.jetbrains.kotlin/kotlin-script-runtime/1.3.61/e5feb39c8de63dcbdc1154b34ca4413874231605/kotlin-script-runtime-1.3.61.jar:/home/reno/.gradle/caches/modules-2/files-2.1/org.jetbrains.kotlin/kotlin-daemon-embeddable/1.3.61/4de83e41a92c8395d89ab2e81d26b788ba163824/kotlin-daemon-embeddable-1.3.61.jar:/home/reno/.gradle/caches/modules-2/files-2.1/org.jetbrains.intellij.deps/trove4j/1.0.20181211/216c2e14b070f334479d800987affe4054cd563f/trove4j-1.0.20181211.jar:/home/reno/.gradle/caches/modules-2/files-2.1/org.jetbrains.kotlin/kotlin-stdlib-common/1.3.61/65abb71d5afb850b68be03987b08e2c864ca3110/kotlin-stdlib-common-1.3.61.jar:/home/reno/.gradle/caches/modules-2/files-2.1/org.jetbrains/annotations/13.0/919f0dfe192fb4e063e7dacadee7f8bb9a2672a9/annotations-13.0.jar:/usr/local/android-studio/jre/lib/tools.jar
Launcher Type: SUN_STANDARD

Environment Variables:
PATH=/usr/local/sbin:/usr/local/bin:/usr/sbin:/usr/bin:/sbin:/bin:/usr/games:/usr/local/games:/snap/bin
SHELL=/bin/bash
DISPLAY=:0

Signal Handlers:
SIGSEGV: [libjvm.so+0xa09650], sa_mask[0]=11111111011111111101111111111110, sa_flags=SA_RESTART|SA_SIGINFO
SIGBUS: [libjvm.so+0xa09650], sa_mask[0]=11111111011111111101111111111110, sa_flags=SA_RESTART|SA_SIGINFO
SIGFPE: [libjvm.so+0x86bc60], sa_mask[0]=11111111011111111101111111111110, sa_flags=SA_RESTART|SA_SIGINFO
SIGPIPE: [libjvm.so+0x86bc60], sa_mask[0]=11111111011111111101111111111110, sa_flags=SA_RESTART|SA_SIGINFO
SIGXFSZ: [libjvm.so+0x86bc60], sa_mask[0]=11111111011111111101111111111110, sa_flags=SA_RESTART|SA_SIGINFO
SIGILL: [libjvm.so+0x86bc60], sa_mask[0]=11111111011111111101111111111110, sa_flags=SA_RESTART|SA_SIGINFO
SIGUSR1: SIG_DFL, sa_mask[0]=00000000000000000000000000000000, sa_flags=none
SIGUSR2: [libjvm.so+0x86bb30], sa_mask[0]=00100000000000000000000000000000, sa_flags=SA_RESTART|SA_SIGINFO
SIGHUP: [libjvm.so+0x86bd20], sa_mask[0]=11111111011111111101111111111110, sa_flags=SA_RESTART|SA_SIGINFO
SIGINT: [libjvm.so+0x86bd20], sa_mask[0]=11111111011111111101111111111110, sa_flags=SA_RESTART|SA_SIGINFO
SIGTERM: [libjvm.so+0x86bd20], sa_mask[0]=11111111011111111101111111111110, sa_flags=SA_RESTART|SA_SIGINFO
SIGQUIT: [libjvm.so+0x86bd20], sa_mask[0]=11111111011111111101111111111110, sa_flags=SA_RESTART|SA_SIGINFO


---------------  S Y S T E M  ---------------

OS:DISTRIB_ID=LinuxMint
DISTRIB_RELEASE=19.1
DISTRIB_CODENAME=tessa
DISTRIB_DESCRIPTION="Linux Mint 19.1 Tessa"

uname:Linux 4.15.0-20-generic #21-Ubuntu SMP Tue Apr 24 06:16:15 UTC 2018 x86_64
libc:glibc 2.27 NPTL 2.27 
rlimit: STACK 8192k, CORE 0k, NPROC 6313, NOFILE 1048576, AS infinity
load average:21,48 7,36 3,96

/proc/meminfo:
MemTotal:        1857204 kB
MemFree:           75668 kB
MemAvailable:          0 kB
Buffers:             280 kB
Cached:            66748 kB
SwapCached:          520 kB
Active:          1171708 kB
Inactive:         396304 kB
Active(anon):    1163136 kB
Inactive(anon):   387820 kB
Active(file):       8572 kB
Inactive(file):     8484 kB
Unevictable:          80 kB
Mlocked:              80 kB
SwapTotal:       3906556 kB
SwapFree:              0 kB
Dirty:                12 kB
Writeback:           424 kB
AnonPages:       1501040 kB
Mapped:            13680 kB
Shmem:             49724 kB
Slab:              85668 kB
SReclaimable:      33992 kB
SUnreclaim:        51676 kB
KernelStack:       11920 kB
PageTables:        66948 kB
NFS_Unstable:          0 kB
Bounce:                0 kB
WritebackTmp:          0 kB
CommitLimit:     4835156 kB
Committed_AS:   11853024 kB
VmallocTotal:   34359738367 kB
VmallocUsed:           0 kB
VmallocChunk:          0 kB
HardwareCorrupted:     0 kB
AnonHugePages:         0 kB
ShmemHugePages:        0 kB
ShmemPmdMapped:        0 kB
CmaTotal:              0 kB
CmaFree:               0 kB
HugePages_Total:       0
HugePages_Free:        0
HugePages_Rsvd:        0
HugePages_Surp:        0
Hugepagesize:       2048 kB
DirectMap4k:      370944 kB
DirectMap2M:     1609728 kB

container (cgroup) information:
container_type: cgroupv1
cpu_cpuset_cpus: 0-1
cpu_memory_nodes: 0
active_processor_count: 2
cpu_quota: -1
cpu_period: 100000
cpu_shares: -1
memory_limit_in_bytes: -1
memory_and_swap_limit_in_bytes: -2
memory_soft_limit_in_bytes: -1
memory_usage_in_bytes: 1606242304
memory_max_usage_in_bytes: 27119616


CPU:total 2 (initial active 2) (2 cores per cpu, 1 threads per core) family 6 model 58 stepping 9, cmov, cx8, fxsr, mmx, sse, sse2, sse3, ssse3, sse4.1, sse4.2, popcnt, clmul, erms, tsc, tscinvbit, tscinv

/proc/cpuinfo:
processor	: 0
vendor_id	: GenuineIntel
cpu family	: 6
model		: 58
model name	: Intel(R) Celeron(R) CPU 1007U @ 1.50GHz
stepping	: 9
microcode	: 0x17
cpu MHz		: 1496.539
cache size	: 2048 KB
physical id	: 0
siblings	: 2
core id		: 0
cpu cores	: 2
apicid		: 0
initial apicid	: 0
fpu		: yes
fpu_exception	: yes
cpuid level	: 13
wp		: yes
flags		: fpu vme de pse tsc msr pae mce cx8 apic sep mtrr pge mca cmov pat pse36 clflush dts acpi mmx fxsr sse sse2 ss ht tm pbe syscall nx rdtscp lm constant_tsc arch_perfmon pebs bts rep_good nopl xtopology nonstop_tsc cpuid aperfmperf pni pclmulqdq dtes64 monitor ds_cpl vmx est tm2 ssse3 cx16 xtpr pdcm pcid sse4_1 sse4_2 x2apic popcnt tsc_deadline_timer xsave lahf_lm cpuid_fault epb pti tpr_shadow vnmi flexpriority ept vpid fsgsbase smep erms xsaveopt dtherm arat pln pts
bugs		: cpu_meltdown spectre_v1 spectre_v2
bogomips	: 2993.10
clflush size	: 64
cache_alignment	: 64
address sizes	: 36 bits physical, 48 bits virtual
power management:

processor	: 1
vendor_id	: GenuineIntel
cpu family	: 6
model		: 58
model name	: Intel(R) Celeron(R) CPU 1007U @ 1.50GHz
stepping	: 9
microcode	: 0x17
cpu MHz		: 1496.555
cache size	: 2048 KB
physical id	: 0
siblings	: 2
core id		: 1
cpu cores	: 2
apicid		: 2
initial apicid	: 2
fpu		: yes
fpu_exception	: yes
cpuid level	: 13
wp		: yes
flags		: fpu vme de pse tsc msr pae mce cx8 apic sep mtrr pge mca cmov pat pse36 clflush dts acpi mmx fxsr sse sse2 ss ht tm pbe syscall nx rdtscp lm constant_tsc arch_perfmon pebs bts rep_good nopl xtopology nonstop_tsc cpuid aperfmperf pni pclmulqdq dtes64 monitor ds_cpl vmx est tm2 ssse3 cx16 xtpr pdcm pcid sse4_1 sse4_2 x2apic popcnt tsc_deadline_timer xsave lahf_lm cpuid_fault epb pti tpr_shadow vnmi flexpriority ept vpid fsgsbase smep erms xsaveopt dtherm arat pln pts
bugs		: cpu_meltdown spectre_v1 spectre_v2
bogomips	: 2993.10
clflush size	: 64
cache_alignment	: 64
address sizes	: 36 bits physical, 48 bits virtual
power management:



Memory: 4k page, physical 1857204k(74464k free), swap 3906556k(0k free)

vm_info: OpenJDK 64-Bit Server VM (25.202-b49-5587405) for linux-amd64 JRE (1.8.0_202-release-1483-b49-5587405), built by "android-build" with gcc 4.8

time: Mon Dec 23 11:25:40 2019
timezone: WIB
elapsed time: 34 seconds (0d 0h 0m 34s)

