#
# There is insufficient memory for the Java Runtime Environment to continue.
# Native memory allocation (mmap) failed to map 14155776 bytes for committing reserved memory.
# Possible reasons:
#   The system is out of physical RAM or swap space
#   The process is running with CompressedOops enabled, and the Java Heap may be blocking the growth of the native heap
# Possible solutions:
#   Reduce memory load on the system
#   Increase physical memory or swap space
#   Check if swap backing store is full
#   Decrease Java heap size (-Xmx/-Xms)
#   Decrease number of Java threads
#   Decrease Java thread stack sizes (-Xss)
#   Set larger code cache with -XX:ReservedCodeCacheSize=
#   JVM is running with Unscaled Compressed Oops mode in which the Java heap is
#     placed in the first 4GB address space. The Java Heap base address is the
#     maximum limit for the native heap growth. Please use -XX:HeapBaseMinAddress
#     to set the Java Heap base and to place the Java Heap above 4GB virtual address.
# This output file may be truncated or incomplete.
#
#  Out of Memory Error (os_linux.cpp:2753), pid=7729, tid=0x00007fb049bb0700
#
# JRE version: OpenJDK Runtime Environment (8.0_202) (build 1.8.0_202-release-1483-b49-5587405)
# Java VM: OpenJDK 64-Bit Server VM (25.202-b49-5587405 mixed mode linux-amd64 compressed oops)
# Failed to write core dump. Core dumps have been disabled. To enable core dumping, try "ulimit -c unlimited" before starting Java again
#

---------------  T H R E A D  ---------------

Current thread (0x00007fb05c082800):  VMThread [stack: 0x00007fb049ab1000,0x00007fb049bb1000] [id=7734]

Stack: [0x00007fb049ab1000,0x00007fb049bb1000],  sp=0x00007fb049baf510,  free space=1017k
Native frames: (J=compiled Java code, j=interpreted, Vv=VM code, C=native code)
V  [libjvm.so+0xa08b78]  VMError::report_and_die()+0x148
V  [libjvm.so+0x4d412a]  report_vm_out_of_memory(char const*, int, unsigned long, VMErrorType, char const*)+0x8a
V  [libjvm.so+0x870478]  os::pd_commit_memory(char*, unsigned long, unsigned long, bool)+0xd8
V  [libjvm.so+0x867f9f]  os::commit_memory(char*, unsigned long, unsigned long, bool)+0x1f
V  [libjvm.so+0x8e14eb]  PSVirtualSpace::expand_by(unsigned long)+0x5b
V  [libjvm.so+0x8e2140]  PSYoungGen::resize_generation(unsigned long, unsigned long)+0xb0
V  [libjvm.so+0x8e245b]  PSYoungGen::resize(unsigned long, unsigned long)+0x1b
V  [libjvm.so+0x8deb8e]  PSScavenge::invoke_no_policy()+0xdce
V  [libjvm.so+0x8df348]  PSScavenge::invoke()+0x38
V  [libjvm.so+0x893763]  ParallelScavengeHeap::failed_mem_allocate(unsigned long)+0x63
V  [libjvm.so+0xa0a644]  VM_ParallelGCFailedAllocation::doit()+0x84
V  [libjvm.so+0xa0ea17]  VM_Operation::evaluate()+0x47
V  [libjvm.so+0xa0d498]  VMThread::evaluate_operation(VM_Operation*)+0x218
V  [libjvm.so+0xa0d8d1]  VMThread::loop()+0x1f1
V  [libjvm.so+0xa0dd02]  VMThread::run()+0x72
V  [libjvm.so+0x86d652]  java_start(Thread*)+0xf2

VM_Operation (0x00007fb061b4c180): ParallelGCFailedAllocation, mode: safepoint, requested by thread 0x00007fb05c019000


---------------  P R O C E S S  ---------------

Java Threads: ( => current thread )
  0x00007fb05c0c9800 JavaThread "Service Thread" daemon [_thread_blocked, id=7740, stack(0x00007fb0491cb000,0x00007fb0492cc000)]
  0x00007fb05c0c7000 JavaThread "C1 CompilerThread1" daemon [_thread_blocked, id=7739, stack(0x00007fb0492cd000,0x00007fb0493cd000)]
  0x00007fb05c0c4000 JavaThread "C2 CompilerThread0" daemon [_thread_blocked, id=7738, stack(0x00007fb0493ce000,0x00007fb0494ce000)]
  0x00007fb05c0c0000 JavaThread "Signal Dispatcher" daemon [_thread_blocked, id=7737, stack(0x00007fb0494ce000,0x00007fb0495cf000)]
  0x00007fb05c08e800 JavaThread "Finalizer" daemon [_thread_blocked, id=7736, stack(0x00007fb0498ae000,0x00007fb0499af000)]
  0x00007fb05c08c000 JavaThread "Reference Handler" daemon [_thread_blocked, id=7735, stack(0x00007fb0499af000,0x00007fb049ab0000)]
  0x00007fb05c019000 JavaThread "main" [_thread_blocked, id=7731, stack(0x00007fb061a53000,0x00007fb061b53000)]

Other Threads:
=>0x00007fb05c082800 VMThread [stack: 0x00007fb049ab1000,0x00007fb049bb1000] [id=7734]
  0x00007fb05c0cc800 WatcherThread [stack: 0x00007fb0490cb000,0x00007fb0491cb000] [id=7741]

VM state:at safepoint (normal execution)

VM Mutex/Monitor currently owned by a thread:  ([mutex/lock_event])
[0x00007fb05c015660] Threads_lock - owner thread: 0x00007fb05c082800
[0x00007fb05c015b60] Heap_lock - owner thread: 0x00007fb05c019000

heap address: 0x00000000e3a00000, size: 454 MB, Compressed Oops mode: 32-bit
Narrow klass base: 0x0000000000000000, Narrow klass shift: 3
Compressed class space size: 1073741824 Address: 0x0000000100000000

Heap:
 PSYoungGen      total 73728K, used 12284K [0x00000000f6900000, 0x00000000fc180000, 0x0000000100000000)
  eden space 61440K, 0% used [0x00000000f6900000,0x00000000f6900000,0x00000000fa500000)
  from space 12288K, 99% used [0x00000000fb580000,0x00000000fc17f238,0x00000000fc180000)
  to   space 7168K, 0% used [0x00000000fa500000,0x00000000fa500000,0x00000000fac00000)
 ParOldGen       total 50176K, used 23570K [0x00000000e3a00000, 0x00000000e6b00000, 0x00000000f6900000)
  object space 50176K, 46% used [0x00000000e3a00000,0x00000000e5104bf8,0x00000000e6b00000)
 Metaspace       used 38394K, capacity 39043K, committed 39424K, reserved 1083392K
  class space    used 4815K, capacity 4995K, committed 5120K, reserved 1048576K

Card table byte_map: [0x00007fb04c112000,0x00007fb04c1f6000] byte_map_base: 0x00007fb04b9f5000

Marking Bits: (ParMarkBitMap*) 0x00007fb06111d920
 Begin Bits: [0x00007fb04b048000, 0x00007fb04b760000)
 End Bits:   [0x00007fb04b760000, 0x00007fb04be78000)

Polling page: 0x00007fb061b77000

CodeCache: size=245760Kb used=10710Kb max_used=10720Kb free=235049Kb
 bounds [0x00007fb04c5b6000, 0x00007fb04d036000, 0x00007fb05b5b6000]
 total_blobs=4014 nmethods=3578 adapters=351
 compilation: enabled

Compilation events (10 events):
Event: 12,407 Thread 0x00007fb05c0c7000 nmethod 3596 0x00007fb04d027c90 code [0x00007fb04d027de0, 0x00007fb04d027ef0]
Event: 12,421 Thread 0x00007fb05c0c7000 3597       3       org.jetbrains.kotlin.incremental.UtilsKt::record (121 bytes)
Event: 12,423 Thread 0x00007fb05c0c7000 nmethod 3597 0x00007fb04d030450 code [0x00007fb04d0307a0, 0x00007fb04d031bb8]
Event: 12,423 Thread 0x00007fb05c0c7000 3598       3       java.util.ArrayList$SubList::size (9 bytes)
Event: 12,424 Thread 0x00007fb05c0c7000 nmethod 3598 0x00007fb04d032710 code [0x00007fb04d0328a0, 0x00007fb04d032b68]
Event: 12,425 Thread 0x00007fb05c0c7000 3599       3       kotlin.sequences.FilteringSequence$iterator$1::next (47 bytes)
Event: 12,425 Thread 0x00007fb05c0c7000 nmethod 3599 0x00007fb04d032cd0 code [0x00007fb04d032e60, 0x00007fb04d033158]
Event: 12,426 Thread 0x00007fb05c0c4000 nmethod 3535 0x00007fb04d034d50 code [0x00007fb04d034ec0, 0x00007fb04d035278]
Event: 12,431 Thread 0x00007fb05c0c7000 3600       3       java.lang.String::contains (20 bytes)
Event: 12,431 Thread 0x00007fb05c0c7000 nmethod 3600 0x00007fb04d027450 code [0x00007fb04d0275e0, 0x00007fb04d027a78]

GC Heap History (10 events):
Event: 4,723 GC heap after
Heap after GC invocations=7 (full 0):
 PSYoungGen      total 37376K, used 5389K [0x00000000f6900000, 0x00000000fb300000, 0x0000000100000000)
  eden space 31744K, 0% used [0x00000000f6900000,0x00000000f6900000,0x00000000f8800000)
  from space 5632K, 95% used [0x00000000f8800000,0x00000000f8d43560,0x00000000f8d80000)
  to   space 6144K, 0% used [0x00000000fad00000,0x00000000fad00000,0x00000000fb300000)
 ParOldGen       total 20480K, used 11301K [0x00000000e3a00000, 0x00000000e4e00000, 0x00000000f6900000)
  object space 20480K, 55% used [0x00000000e3a00000,0x00000000e4509460,0x00000000e4e00000)
 Metaspace       used 20705K, capacity 21118K, committed 21296K, reserved 1069056K
  class space    used 2455K, capacity 2617K, committed 2688K, reserved 1048576K
}
Event: 4,723 GC heap before
{Heap before GC invocations=8 (full 1):
 PSYoungGen      total 37376K, used 5389K [0x00000000f6900000, 0x00000000fb300000, 0x0000000100000000)
  eden space 31744K, 0% used [0x00000000f6900000,0x00000000f6900000,0x00000000f8800000)
  from space 5632K, 95% used [0x00000000f8800000,0x00000000f8d43560,0x00000000f8d80000)
  to   space 6144K, 0% used [0x00000000fad00000,0x00000000fad00000,0x00000000fb300000)
 ParOldGen       total 20480K, used 11301K [0x00000000e3a00000, 0x00000000e4e00000, 0x00000000f6900000)
  object space 20480K, 55% used [0x00000000e3a00000,0x00000000e4509460,0x00000000e4e00000)
 Metaspace       used 20705K, capacity 21118K, committed 21296K, reserved 1069056K
  class space    used 2455K, capacity 2617K, committed 2688K, reserved 1048576K
Event: 4,795 GC heap after
Heap after GC invocations=8 (full 1):
 PSYoungGen      total 37376K, used 0K [0x00000000f6900000, 0x00000000fb300000, 0x0000000100000000)
  eden space 31744K, 0% used [0x00000000f6900000,0x00000000f6900000,0x00000000f8800000)
  from space 5632K, 0% used [0x00000000f8800000,0x00000000f8800000,0x00000000f8d80000)
  to   space 6144K, 0% used [0x00000000fad00000,0x00000000fad00000,0x00000000fb300000)
 ParOldGen       total 29696K, used 13418K [0x00000000e3a00000, 0x00000000e5700000, 0x00000000f6900000)
  object space 29696K, 45% used [0x00000000e3a00000,0x00000000e471ab60,0x00000000e5700000)
 Metaspace       used 20705K, capacity 21118K, committed 21296K, reserved 1069056K
  class space    used 2455K, capacity 2617K, committed 2688K, reserved 1048576K
}
Event: 6,161 GC heap before
{Heap before GC invocations=9 (full 1):
 PSYoungGen      total 37376K, used 31744K [0x00000000f6900000, 0x00000000fb300000, 0x0000000100000000)
  eden space 31744K, 100% used [0x00000000f6900000,0x00000000f8800000,0x00000000f8800000)
  from space 5632K, 0% used [0x00000000f8800000,0x00000000f8800000,0x00000000f8d80000)
  to   space 6144K, 0% used [0x00000000fad00000,0x00000000fad00000,0x00000000fb300000)
 ParOldGen       total 29696K, used 13418K [0x00000000e3a00000, 0x00000000e5700000, 0x00000000f6900000)
  object space 29696K, 45% used [0x00000000e3a00000,0x00000000e471ab60,0x00000000e5700000)
 Metaspace       used 23151K, capacity 23652K, committed 23936K, reserved 1071104K
  class space    used 2784K, capacity 2922K, committed 2944K, reserved 1048576K
Event: 6,179 GC heap after
Heap after GC invocations=9 (full 1):
 PSYoungGen      total 55296K, used 6125K [0x00000000f6900000, 0x00000000fb300000, 0x0000000100000000)
  eden space 49152K, 0% used [0x00000000f6900000,0x00000000f6900000,0x00000000f9900000)
  from space 6144K, 99% used [0x00000000fad00000,0x00000000fb2fb748,0x00000000fb300000)
  to   space 7168K, 0% used [0x00000000fa500000,0x00000000fa500000,0x00000000fac00000)
 ParOldGen       total 29696K, used 13895K [0x00000000e3a00000, 0x00000000e5700000, 0x00000000f6900000)
  object space 29696K, 46% used [0x00000000e3a00000,0x00000000e4791c50,0x00000000e5700000)
 Metaspace       used 23151K, capacity 23652K, committed 23936K, reserved 1071104K
  class space    used 2784K, capacity 2922K, committed 2944K, reserved 1048576K
}
Event: 7,874 GC heap before
{Heap before GC invocations=10 (full 1):
 PSYoungGen      total 55296K, used 55277K [0x00000000f6900000, 0x00000000fb300000, 0x0000000100000000)
  eden space 49152K, 100% used [0x00000000f6900000,0x00000000f9900000,0x00000000f9900000)
  from space 6144K, 99% used [0x00000000fad00000,0x00000000fb2fb748,0x00000000fb300000)
  to   space 7168K, 0% used [0x00000000fa500000,0x00000000fa500000,0x00000000fac00000)
 ParOldGen       total 29696K, used 13895K [0x00000000e3a00000, 0x00000000e5700000, 0x00000000f6900000)
  object space 29696K, 46% used [0x00000000e3a00000,0x00000000e4791c50,0x00000000e5700000)
 Metaspace       used 31633K, capacity 32116K, committed 32384K, reserved 1077248K
  class space    used 4034K, capacity 4178K, committed 4224K, reserved 1048576K
Event: 7,921 GC heap after
Heap after GC invocations=10 (full 1):
 PSYoungGen      total 68608K, used 7162K [0x00000000f6900000, 0x00000000fc180000, 0x0000000100000000)
  eden space 61440K, 0% used [0x00000000f6900000,0x00000000f6900000,0x00000000fa500000)
  from space 7168K, 99% used [0x00000000fa500000,0x00000000fabfe9e0,0x00000000fac00000)
  to   space 12288K, 0% used [0x00000000fb580000,0x00000000fb580000,0x00000000fc180000)
 ParOldGen       total 29696K, used 23925K [0x00000000e3a00000, 0x00000000e5700000, 0x00000000f6900000)
  object space 29696K, 80% used [0x00000000e3a00000,0x00000000e515d610,0x00000000e5700000)
 Metaspace       used 31633K, capacity 32116K, committed 32384K, reserved 1077248K
  class space    used 4034K, capacity 4178K, committed 4224K, reserved 1048576K
}
Event: 7,921 GC heap before
{Heap before GC invocations=11 (full 2):
 PSYoungGen      total 68608K, used 7162K [0x00000000f6900000, 0x00000000fc180000, 0x0000000100000000)
  eden space 61440K, 0% used [0x00000000f6900000,0x00000000f6900000,0x00000000fa500000)
  from space 7168K, 99% used [0x00000000fa500000,0x00000000fabfe9e0,0x00000000fac00000)
  to   space 12288K, 0% used [0x00000000fb580000,0x00000000fb580000,0x00000000fc180000)
 ParOldGen       total 29696K, used 23925K [0x00000000e3a00000, 0x00000000e5700000, 0x00000000f6900000)
  object space 29696K, 80% used [0x00000000e3a00000,0x00000000e515d610,0x00000000e5700000)
 Metaspace       used 31633K, capacity 32116K, committed 32384K, reserved 1077248K
  class space    used 4034K, capacity 4178K, committed 4224K, reserved 1048576K
Event: 8,101 GC heap after
Heap after GC invocations=11 (full 2):
 PSYoungGen      total 68608K, used 0K [0x00000000f6900000, 0x00000000fc180000, 0x0000000100000000)
  eden space 61440K, 0% used [0x00000000f6900000,0x00000000f6900000,0x00000000fa500000)
  from space 7168K, 0% used [0x00000000fa500000,0x00000000fa500000,0x00000000fac00000)
  to   space 12288K, 0% used [0x00000000fb580000,0x00000000fb580000,0x00000000fc180000)
 ParOldGen       total 50176K, used 22615K [0x00000000e3a00000, 0x00000000e6b00000, 0x00000000f6900000)
  object space 50176K, 45% used [0x00000000e3a00000,0x00000000e5015ea0,0x00000000e6b00000)
 Metaspace       used 31633K, capacity 32116K, committed 32384K, reserved 1077248K
  class space    used 4034K, capacity 4178K, committed 4224K, reserved 1048576K
}
Event: 12,446 GC heap before
{Heap before GC invocations=12 (full 2):
 PSYoungGen      total 68608K, used 61440K [0x00000000f6900000, 0x00000000fc180000, 0x0000000100000000)
  eden space 61440K, 100% used [0x00000000f6900000,0x00000000fa500000,0x00000000fa500000)
  from space 7168K, 0% used [0x00000000fa500000,0x00000000fa500000,0x00000000fac00000)
  to   space 12288K, 0% used [0x00000000fb580000,0x00000000fb580000,0x00000000fc180000)
 ParOldGen       total 50176K, used 22615K [0x00000000e3a00000, 0x00000000e6b00000, 0x00000000f6900000)
  object space 50176K, 45% used [0x00000000e3a00000,0x00000000e5015ea0,0x00000000e6b00000)
 Metaspace       used 38394K, capacity 39043K, committed 39424K, reserved 1083392K
  class space    used 4815K, capacity 4995K, committed 5120K, reserved 1048576K

Deoptimization events (10 events):
Event: 9,419 Thread 0x00007fb05c019000 Uncommon trap: reason=bimorphic action=maybe_recompile pc=0x00007fb04ca0784c method=java.util.HashMap.putVal(ILjava/lang/Object;Ljava/lang/Object;ZZ)Ljava/lang/Object; @ 203
Event: 9,451 Thread 0x00007fb05c019000 Uncommon trap: reason=bimorphic action=maybe_recompile pc=0x00007fb04c96f578 method=java.util.HashMap.putVal(ILjava/lang/Object;Ljava/lang/Object;ZZ)Ljava/lang/Object; @ 203
Event: 9,627 Thread 0x00007fb05c019000 Uncommon trap: reason=unstable_if action=reinterpret pc=0x00007fb04cd371d0 method=org.jetbrains.kotlin.com.intellij.lang.impl.PsiBuilderImpl.skipWhitespace()V @ 51
Event: 9,699 Thread 0x00007fb05c019000 Uncommon trap: reason=unstable_if action=reinterpret pc=0x00007fb04cd52cd4 method=org.jetbrains.kotlin.parsing.SemanticWhitespaceAwarePsiBuilderImpl.getJoinedTokenType(Lorg/jetbrains/kotlin/com/intellij/psi/tree/IElementType;I)Lorg/jetbrains/kotlin/com/in
Event: 9,754 Thread 0x00007fb05c019000 Uncommon trap: reason=unstable_if action=reinterpret pc=0x00007fb04cd7c200 method=org.jetbrains.kotlin.parsing.SemanticWhitespaceAwarePsiBuilderImpl.getJoinedTokenType(Lorg/jetbrains/kotlin/com/intellij/psi/tree/IElementType;I)Lorg/jetbrains/kotlin/com/in
Event: 10,249 Thread 0x00007fb05c019000 Uncommon trap: reason=bimorphic action=maybe_recompile pc=0x00007fb04cb27b80 method=org.jetbrains.kotlin.protobuf.CodedInputStream.tryRefillBuffer(I)Z @ 177
Event: 10,251 Thread 0x00007fb05c019000 Uncommon trap: reason=bimorphic action=maybe_recompile pc=0x00007fb04cb27b80 method=org.jetbrains.kotlin.protobuf.CodedInputStream.tryRefillBuffer(I)Z @ 177
Event: 10,254 Thread 0x00007fb05c019000 Uncommon trap: reason=bimorphic action=maybe_recompile pc=0x00007fb04cb27b80 method=org.jetbrains.kotlin.protobuf.CodedInputStream.tryRefillBuffer(I)Z @ 177
Event: 10,267 Thread 0x00007fb05c019000 Uncommon trap: reason=bimorphic action=maybe_recompile pc=0x00007fb04cb27b80 method=org.jetbrains.kotlin.protobuf.CodedInputStream.tryRefillBuffer(I)Z @ 177
Event: 10,381 Thread 0x00007fb05c019000 Uncommon trap: reason=bimorphic action=maybe_recompile pc=0x00007fb04cb2879c method=org.jetbrains.kotlin.protobuf.CodedInputStream.tryRefillBuffer(I)Z @ 177

Classes redefined (0 events):
No events

Internal exceptions (10 events):
Event: 3,923 Thread 0x00007fb05c019000 Implicit null exception at 0x00007fb04c955d2f to 0x00007fb04c955d99
Event: 4,071 Thread 0x00007fb05c019000 Exception <a 'java/lang/NoSuchMethodError': java.lang.Object.lambda$comparing$77a9974f$1(Ljava/util/function/Function;Ljava/lang/Object;Ljava/lang/Object;)I> (0x00000000f6a621a0) thrown at [/usr/local/google/buildbot/src/googleplex-android/openjdk/out/hot
Event: 4,102 Thread 0x00007fb05c019000 Exception <a 'java/lang/NoSuchMethodError': java.lang.Object.lambda$static$0()J> (0x00000000f6b58e18) thrown at [/usr/local/google/buildbot/src/googleplex-android/openjdk/out/hotspot/src/share/vm/interpreter/linkResolver.cpp, line 620]
Event: 4,416 Thread 0x00007fb05c019000 Exception <a 'java/lang/NoSuchMethodError': java.lang.Object.lambda$static$0(I)[Lorg/jetbrains/kotlin/com/intellij/openapi/editor/event/DocumentListener;> (0x00000000f729dc28) thrown at [/usr/local/google/buildbot/src/googleplex-android/openjdk/out/hotspo
Event: 4,486 Thread 0x00007fb05c019000 Exception <a 'java/lang/NoSuchMethodError': java.lang.Object.lambda$static$0(I)[Lorg/jetbrains/kotlin/com/intellij/psi/PsiAnnotation;> (0x00000000f749c570) thrown at [/usr/local/google/buildbot/src/googleplex-android/openjdk/out/hotspot/src/share/vm/inter
Event: 4,834 Thread 0x00007fb05c019000 Exception <a 'java/lang/NoSuchMethodError': java.lang.Object.lambda$static$0(I)[Lorg/jetbrains/kotlin/com/intellij/psi/PsiElement;> (0x00000000f69fac10) thrown at [/usr/local/google/buildbot/src/googleplex-android/openjdk/out/hotspot/src/share/vm/interpre
Event: 6,964 Thread 0x00007fb05c019000 Exception <a 'java/lang/ArrayIndexOutOfBoundsException': 126> (0x00000000f7c43e18) thrown at [/usr/local/google/buildbot/src/googleplex-android/openjdk/out/hotspot/src/share/vm/interpreter/interpreterRuntime.cpp, line 368]
Event: 9,284 Thread 0x00007fb05c019000 Exception <a 'java/lang/NoSuchMethodError': java.lang.Object.lambda$static$0(I)[Lorg/jetbrains/kotlin/psi/KtExpression;> (0x00000000f74ac5a0) thrown at [/usr/local/google/buildbot/src/googleplex-android/openjdk/out/hotspot/src/share/vm/interpreter/linkRes
Event: 10,076 Thread 0x00007fb05c019000 Exception <a 'java/lang/NoSuchMethodError': java.lang.Object.lambda$static$0(I)[Lorg/jetbrains/kotlin/psi/KtDeclaration;> (0x00000000f7b7af38) thrown at [/usr/local/google/buildbot/src/googleplex-android/openjdk/out/hotspot/src/share/vm/interpreter/linkRe
Event: 10,542 Thread 0x00007fb05c019000 Exception <a 'java/lang/NoSuchMethodError': java.lang.Object.lambda$static$0(I)[Lorg/jetbrains/kotlin/psi/KtTypeElement;> (0x00000000f83a4950) thrown at [/usr/local/google/buildbot/src/googleplex-android/openjdk/out/hotspot/src/share/vm/interpreter/linkRe

Events (10 events):
Event: 12,379 loading class kotlin/sequences/TakeWhileSequence$iterator$1 done
Event: 12,381 loading class kotlin/sequences/DropSequence$iterator$1
Event: 12,381 loading class kotlin/sequences/DropSequence$iterator$1 done
Event: 12,395 loading class org/jetbrains/kotlin/psi/psiUtil/PsiUtilsKt$getPrevSiblingIgnoringWhitespaceAndComments$1
Event: 12,395 loading class org/jetbrains/kotlin/psi/psiUtil/PsiUtilsKt$getPrevSiblingIgnoringWhitespaceAndComments$1 done
Event: 12,411 loading class org/jetbrains/kotlin/resolve/TypeResolver$resolveTypeElement$1$resolveParametersOfFunctionType$ParameterOfFunctionTypeDescriptor
Event: 12,411 loading class org/jetbrains/kotlin/resolve/TypeResolver$resolveTypeElement$1$resolveParametersOfFunctionType$ParameterOfFunctionTypeDescriptor done
Event: 12,432 loading class org/jetbrains/kotlin/load/kotlin/KotlinJvmBinarySourceElement
Event: 12,432 loading class org/jetbrains/kotlin/load/kotlin/KotlinJvmBinarySourceElement done
Event: 12,442 Executing VM operation: ParallelGCFailedAllocation


Dynamic libraries:
00400000-00401000 r-xp 00000000 08:07 829600                             /usr/local/android-studio/jre/jre/bin/java
00401000-00402000 rw-p 00000000 08:07 829600                             /usr/local/android-studio/jre/jre/bin/java
00478000-00499000 rw-p 00000000 00:00 0                                  [heap]
e3a00000-e6b00000 rw-p 00000000 00:00 0 
e6b00000-f6900000 ---p 00000000 00:00 0 
f6900000-fc180000 rw-p 00000000 00:00 0 
fcf00000-100000000 ---p 00000000 00:00 0 
100000000-100500000 rw-p 00000000 00:00 0 
100500000-140000000 ---p 00000000 00:00 0 
7fb01bc00000-7fb01bd80000 rw-p 00000000 00:00 0 
7fb01bd80000-7fb01be00000 ---p 00000000 00:00 0 
7fb01be00000-7fb01c000000 rw-p 00000000 00:00 0 
7fb01c000000-7fb01c021000 rw-p 00000000 00:00 0 
7fb01c021000-7fb020000000 ---p 00000000 00:00 0 
7fb0200e5000-7fb0202e5000 rw-p 00000000 00:00 0 
7fb0202e5000-7fb0204e5000 rw-p 00000000 00:00 0 
7fb0204e5000-7fb0206e5000 rw-p 00000000 00:00 0 
7fb0206e5000-7fb0208e5000 rw-p 00000000 00:00 0 
7fb0208e5000-7fb020ae5000 rw-p 00000000 00:00 0 
7fb020ae5000-7fb020bff000 r--s 01317000 08:08 1704836                    /home/reno/Android/Sdk/platforms/android-29/android.jar
7fb020bff000-7fb020dff000 rw-p 00000000 00:00 0 
7fb020dff000-7fb020fff000 rw-p 00000000 00:00 0 
7fb020fff000-7fb024000000 rw-p 00000000 00:00 0 
7fb024000000-7fb024852000 rw-p 00000000 00:00 0 
7fb024852000-7fb028000000 ---p 00000000 00:00 0 
7fb028000000-7fb028021000 rw-p 00000000 00:00 0 
7fb028021000-7fb02c000000 ---p 00000000 00:00 0 
7fb02c000000-7fb02c021000 rw-p 00000000 00:00 0 
7fb02c021000-7fb030000000 ---p 00000000 00:00 0 
7fb030000000-7fb0318d5000 rw-p 00000000 00:00 0 
7fb0318d5000-7fb034000000 ---p 00000000 00:00 0 
7fb034000000-7fb034021000 rw-p 00000000 00:00 0 
7fb034021000-7fb038000000 ---p 00000000 00:00 0 
7fb038000000-7fb038021000 rw-p 00000000 00:00 0 
7fb038021000-7fb03c000000 ---p 00000000 00:00 0 
7fb03c000000-7fb03c021000 rw-p 00000000 00:00 0 
7fb03c021000-7fb040000000 ---p 00000000 00:00 0 
7fb040000000-7fb0402c4000 rw-p 00000000 00:00 0 
7fb0402c4000-7fb044000000 ---p 00000000 00:00 0 
7fb044000000-7fb044029000 rw-p 00000000 00:00 0 
7fb044029000-7fb048000000 ---p 00000000 00:00 0 
7fb0480a3000-7fb0480af000 r--s 00099000 08:08 1062096                    /home/reno/.gradle/caches/transforms-2/files-2.1/d8b60fd893a8dde16da680131fe6adf1/core-1.1.0-api.jar
7fb0480af000-7fb0480b5000 r--s 00058000 08:08 674108                     /home/reno/.gradle/caches/transforms-2/files-2.1/9646d65e2091a49a19c2773092c19900/recyclerview-1.2.0-alpha01-api.jar
7fb0480b5000-7fb0480b7000 r--s 00004000 08:08 928378                     /home/reno/.gradle/caches/transforms-2/files-2.1/c946752db86a39d919d48ab6518f511b/paging-runtime-2.1.1-api.jar
7fb0480b7000-7fb0480ba000 r--s 0002e000 08:08 808549                     /home/reno/.gradle/caches/transforms-2/files-2.1/dd95b35d09d386a6e59368950f48507b/fragment-1.2.0-api.jar
7fb0480ba000-7fb0480ec000 r--s 0020d000 08:08 423982                     /home/reno/.gradle/caches/modules-2/files-2.1/io.reactivex.rxjava2/rxjava/2.2.10/18e9edc67e0abaa03713eeb9ca2cb0e30c859de4/rxjava-2.2.10.jar
7fb0480ec000-7fb0480ef000 r--s 00014000 08:08 275417                     /home/reno/.gradle/caches/modules-2/files-2.1/androidx.paging/paging-common/2.1.1/7eaa93357c19d0bead556f3306e6f83bd4cc4164/paging-common-2.1.1.jar
7fb0480ef000-7fb0480f3000 r--s 0001c000 08:08 1184839                    /home/reno/.gradle/caches/modules-2/files-2.1/com.squareup.retrofit2/retrofit/2.6.1/e09f83ea4eddf07fc956778dbda3c2d2b0b3ce7f/retrofit-2.6.1.jar
7fb0480f3000-7fb04810c000 r--s 00162000 08:08 1184029                    /home/reno/.gradle/caches/modules-2/files-2.1/org.jetbrains.kotlinx/kotlinx-coroutines-core/1.3.3/5bac48cf5828e9b006f3b1ef6e37d2a70c2e7321/kotlinx-coroutines-core-1.3.3.jar
7fb04810c000-7fb04810d000 r--s 00001000 08:08 808555                     /home/reno/.gradle/caches/transforms-2/files-2.1/ebff6dde3f478118f09636aa1b408159/lifecycle-viewmodel-ktx-2.2.0-api.jar
7fb04810d000-7fb04810f000 r--s 00002000 08:08 669852                     /home/reno/.gradle/caches/modules-2/files-2.1/com.jakewharton.retrofit/retrofit2-kotlin-coroutines-adapter/0.9.2/b3bddf47b1016bfa9e1c5a2d81f8066b33770aec/retrofit2-kotlin-coroutines-adapter-0.9.2.jar
7fb04810f000-7fb04830f000 rw-p 00000000 00:00 0 
7fb04830f000-7fb04850f000 rw-p 00000000 00:00 0 
7fb04850f000-7fb04870f000 rw-p 00000000 00:00 0 
7fb04870f000-7fb04890f000 rw-p 00000000 00:00 0 
7fb04890f000-7fb048911000 r-xp 00000000 08:07 268375                     /lib/x86_64-linux-gnu/libutil-2.27.so
7fb048911000-7fb048b10000 ---p 00002000 08:07 268375                     /lib/x86_64-linux-gnu/libutil-2.27.so
7fb048b10000-7fb048b11000 r--p 00001000 08:07 268375                     /lib/x86_64-linux-gnu/libutil-2.27.so
7fb048b11000-7fb048b12000 rw-p 00002000 08:07 268375                     /lib/x86_64-linux-gnu/libutil-2.27.so
7fb048b12000-7fb048b16000 r--s 00027000 08:08 808835                     /home/reno/.gradle/caches/transforms-2/files-2.1/27847e401f37c4ea964c5e983cfddf63/core-ktx-1.1.0-api.jar
7fb048b16000-7fb048b18000 r--s 00001000 08:08 795125                     /home/reno/.gradle/caches/modules-2/files-2.1/org.jetbrains.kotlin/kotlin-android-extensions-runtime/1.3.61/289bdf25b4886749e040c7a7d3aab8a57f85c631/kotlin-android-extensions-runtime-1.3.61.jar
7fb048b18000-7fb048b19000 r--s 00000000 08:08 537143                     /home/reno/.gradle/caches/modules-2/files-2.1/com.github.bumptech.glide/annotations/4.10.0/bbe80fe87e3a3a08c995557f3b8e66f479bf9363/annotations-4.10.0.jar
7fb048b19000-7fb048b1b000 r--s 0000c000 08:08 937748                     /home/reno/.gradle/caches/transforms-2/files-2.1/5708eb459d98c405e0493656bb52d966/viewpager-1.0.0-api.jar
7fb048b1b000-7fb048b1c000 r--s 00004000 08:08 270563                     /home/reno/.gradle/caches/transforms-2/files-2.1/87f359303d53b16ef9e351599ae68ff5/jetified-kotlinx-coroutines-android-1.3.3.jar
7fb048b1c000-7fb048b1d000 r--s 00000000 08:08 795127                     /home/reno/.gradle/caches/modules-2/files-2.1/org.jetbrains.kotlin/kotlin-stdlib-jdk7/1.3.61/70dffc5f8ac5ea7c34f30deac5b9d8b1d48af066/kotlin-stdlib-jdk7-1.3.61.jar
7fb048b1d000-7fb048b24000 r--s 00064000 08:08 540452                     /home/reno/.gradle/caches/modules-2/files-2.1/org.jetbrains.kotlin/kotlin-annotation-processing-gradle/1.3.61/1b213a1590119b5fc5e33125873c35aee58de11b/kotlin-annotation-processing-gradle-1.3.61.jar
7fb048b24000-7fb048b2b000 r--s 0004e000 08:08 540454                     /home/reno/.gradle/caches/modules-2/files-2.1/org.jetbrains.kotlin/kotlin-android-extensions/1.3.61/54ca7c214a5cd73cd887a42002266e25440097f2/kotlin-android-extensions-1.3.61.jar
7fb048b2b000-7fb048b2e000 r-xp 00000000 08:07 4846                       /tmp/libjansi-1.3.61-release-180 (1.3.61)-8248897687789542927.so
7fb048b2e000-7fb048d2d000 ---p 00003000 08:07 4846                       /tmp/libjansi-1.3.61-release-180 (1.3.61)-8248897687789542927.so
7fb048d2d000-7fb048d2e000 rw-p 00002000 08:07 4846                       /tmp/libjansi-1.3.61-release-180 (1.3.61)-8248897687789542927.so
7fb048d2e000-7fb048d44000 r-xp 00000000 08:07 829573                     /usr/local/android-studio/jre/jre/lib/amd64/libnet.so
7fb048d44000-7fb048d45000 rw-p 00016000 08:07 829573                     /usr/local/android-studio/jre/jre/lib/amd64/libnet.so
7fb048d45000-7fb048d55000 r-xp 00000000 08:07 829591                     /usr/local/android-studio/jre/jre/lib/amd64/libnio.so
7fb048d55000-7fb048d56000 rw-p 00010000 08:07 829591                     /usr/local/android-studio/jre/jre/lib/amd64/libnio.so
7fb048d56000-7fb048dd0000 r--s 01102000 08:07 829493                     /usr/local/android-studio/jre/lib/tools.jar
7fb048dd0000-7fb048dd8000 r--s 00022000 08:08 668841                     /home/reno/.gradle/caches/modules-2/files-2.1/org.jetbrains.kotlin/kotlin-stdlib-common/1.3.61/65abb71d5afb850b68be03987b08e2c864ca3110/kotlin-stdlib-common-1.3.61.jar
7fb048dd8000-7fb048de3000 r--s 00081000 08:08 540861                     /home/reno/.gradle/caches/modules-2/files-2.1/org.jetbrains.intellij.deps/trove4j/1.0.20181211/216c2e14b070f334479d800987affe4054cd563f/trove4j-1.0.20181211.jar
7fb048de3000-7fb048dfa000 r--s 00109000 08:08 786465                     /home/reno/.gradle/caches/modules-2/files-2.1/org.jetbrains.kotlin/kotlin-daemon-embeddable/1.3.61/4de83e41a92c8395d89ab2e81d26b788ba163824/kotlin-daemon-embeddable-1.3.61.jar
7fb048dfa000-7fb048e34000 r--s 00283000 08:08 275461                     /home/reno/.gradle/caches/modules-2/files-2.1/org.jetbrains.kotlin/kotlin-reflect/1.3.61/2e07c9a84c9e118efb70eede7e579fd663932122/kotlin-reflect-1.3.61.jar
7fb048e34000-7fb048e82000 rw-p 00000000 00:00 0 
7fb048e82000-7fb0490ca000 r--s 022aa000 08:08 540466                     /home/reno/.gradle/caches/modules-2/files-2.1/org.jetbrains.kotlin/kotlin-compiler-embeddable/1.3.61/c35c0833d5a1e3d229359758482c480306724618/kotlin-compiler-embeddable-1.3.61.jar
7fb0490ca000-7fb0490cb000 ---p 00000000 00:00 0 
7fb0490cb000-7fb0491cb000 rw-p 00000000 00:00 0 
7fb0491cb000-7fb0491ce000 ---p 00000000 00:00 0 
7fb0491ce000-7fb0492cc000 rw-p 00000000 00:00 0 
7fb0492cc000-7fb0492cd000 ---p 00000000 00:00 0 
7fb0492cd000-7fb0492d0000 ---p 00000000 00:00 0 
7fb0492d0000-7fb0493cd000 rw-p 00000000 00:00 0 
7fb0493cd000-7fb0493ce000 ---p 00000000 00:00 0 
7fb0493ce000-7fb0493d1000 ---p 00000000 00:00 0 
7fb0493d1000-7fb0494ce000 rw-p 00000000 00:00 0 
7fb0494ce000-7fb0494d1000 ---p 00000000 00:00 0 
7fb0494d1000-7fb0495cf000 rw-p 00000000 00:00 0 
7fb0495cf000-7fb0498ae000 r--p 00000000 08:07 793664                     /usr/lib/locale/locale-archive
7fb0498ae000-7fb0498b1000 ---p 00000000 00:00 0 
7fb0498b1000-7fb0499af000 rw-p 00000000 00:00 0 
7fb0499af000-7fb0499b2000 ---p 00000000 00:00 0 
7fb0499b2000-7fb049ab0000 rw-p 00000000 00:00 0 
7fb049ab0000-7fb049ab1000 ---p 00000000 00:00 0 
7fb049ab1000-7fb04a51d000 rw-p 00000000 00:00 0 
7fb04a51d000-7fb04a6ef000 r--s 03cad000 08:07 829597                     /usr/local/android-studio/jre/jre/lib/rt.jar
7fb04a6ef000-7fb04be78000 rw-p 00000000 00:00 0 
7fb04be78000-7fb04be79000 ---p 00000000 00:00 0 
7fb04be79000-7fb04bf79000 rw-p 00000000 00:00 0 
7fb04bf79000-7fb04bf7a000 ---p 00000000 00:00 0 
7fb04bf7a000-7fb04c093000 rw-p 00000000 00:00 0 
7fb04c093000-7fb04c112000 ---p 00000000 00:00 0 
7fb04c112000-7fb04c12b000 rw-p 00000000 00:00 0 
7fb04c12b000-7fb04c1a9000 ---p 00000000 00:00 0 
7fb04c1a9000-7fb04c1d6000 rw-p 00000000 00:00 0 
7fb04c1d6000-7fb04c1f5000 ---p 00000000 00:00 0 
7fb04c1f5000-7fb04c220000 rw-p 00000000 00:00 0 
7fb04c220000-7fb04c5b6000 ---p 00000000 00:00 0 
7fb04c5b6000-7fb04d036000 rwxp 00000000 00:00 0 
7fb04d036000-7fb05b5b6000 ---p 00000000 00:00 0 
7fb05b5b6000-7fb05b5c1000 r-xp 00000000 08:07 268298                     /lib/x86_64-linux-gnu/libnss_files-2.27.so
7fb05b5c1000-7fb05b7c0000 ---p 0000b000 08:07 268298                     /lib/x86_64-linux-gnu/libnss_files-2.27.so
7fb05b7c0000-7fb05b7c1000 r--p 0000a000 08:07 268298                     /lib/x86_64-linux-gnu/libnss_files-2.27.so
7fb05b7c1000-7fb05b7c2000 rw-p 0000b000 08:07 268298                     /lib/x86_64-linux-gnu/libnss_files-2.27.so
7fb05b7c2000-7fb05b7c8000 rw-p 00000000 00:00 0 
7fb05b7c8000-7fb05b7df000 r-xp 00000000 08:07 268292                     /lib/x86_64-linux-gnu/libnsl-2.27.so
7fb05b7df000-7fb05b9de000 ---p 00017000 08:07 268292                     /lib/x86_64-linux-gnu/libnsl-2.27.so
7fb05b9de000-7fb05b9df000 r--p 00016000 08:07 268292                     /lib/x86_64-linux-gnu/libnsl-2.27.so
7fb05b9df000-7fb05b9e0000 rw-p 00017000 08:07 268292                     /lib/x86_64-linux-gnu/libnsl-2.27.so
7fb05b9e0000-7fb05b9e2000 rw-p 00000000 00:00 0 
7fb05b9e2000-7fb05b9ed000 r-xp 00000000 08:07 268309                     /lib/x86_64-linux-gnu/libnss_nis-2.27.so
7fb05b9ed000-7fb05bbec000 ---p 0000b000 08:07 268309                     /lib/x86_64-linux-gnu/libnss_nis-2.27.so
7fb05bbec000-7fb05bbed000 r--p 0000a000 08:07 268309                     /lib/x86_64-linux-gnu/libnss_nis-2.27.so
7fb05bbed000-7fb05bbee000 rw-p 0000b000 08:07 268309                     /lib/x86_64-linux-gnu/libnss_nis-2.27.so
7fb05bbee000-7fb05bbf6000 r-xp 00000000 08:07 268294                     /lib/x86_64-linux-gnu/libnss_compat-2.27.so
7fb05bbf6000-7fb05bdf6000 ---p 00008000 08:07 268294                     /lib/x86_64-linux-gnu/libnss_compat-2.27.so
7fb05bdf6000-7fb05bdf7000 r--p 00008000 08:07 268294                     /lib/x86_64-linux-gnu/libnss_compat-2.27.so
7fb05bdf7000-7fb05bdf8000 rw-p 00009000 08:07 268294                     /lib/x86_64-linux-gnu/libnss_compat-2.27.so
7fb05bdf8000-7fb05bdff000 r-xp 00000000 08:07 268349                     /lib/x86_64-linux-gnu/librt-2.27.so
7fb05bdff000-7fb05bffe000 ---p 00007000 08:07 268349                     /lib/x86_64-linux-gnu/librt-2.27.so
7fb05bffe000-7fb05bfff000 r--p 00006000 08:07 268349                     /lib/x86_64-linux-gnu/librt-2.27.so
7fb05bfff000-7fb05c000000 rw-p 00007000 08:07 268349                     /lib/x86_64-linux-gnu/librt-2.27.so
7fb05c000000-7fb05d038000 rw-p 00000000 00:00 0 
7fb05d038000-7fb060000000 ---p 00000000 00:00 0 
7fb060000000-7fb060001000 r--s 00002000 08:08 944881                     /home/reno/.gradle/caches/transforms-2/files-2.1/6d1df1bb736b947b8b8fcb546e73cc16/lifecycle-viewmodel-2.2.0-api.jar
7fb060001000-7fb060005000 r--s 000a1000 08:07 829598                     /usr/local/android-studio/jre/jre/lib/jsse.jar
7fb060005000-7fb060019000 r--s 00131000 08:08 540474                     /home/reno/.gradle/caches/modules-2/files-2.1/org.jetbrains.kotlin/kotlin-stdlib/1.3.61/4702105e97f7396ae41b113fdbdc180ec1eb1e36/kotlin-stdlib-1.3.61.jar
7fb060019000-7fb060074000 rw-p 00000000 00:00 0 
7fb060074000-7fb060211000 r-xp 00000000 08:07 268271                     /lib/x86_64-linux-gnu/libm-2.27.so
7fb060211000-7fb060410000 ---p 0019d000 08:07 268271                     /lib/x86_64-linux-gnu/libm-2.27.so
7fb060410000-7fb060411000 r--p 0019c000 08:07 268271                     /lib/x86_64-linux-gnu/libm-2.27.so
7fb060411000-7fb060412000 rw-p 0019d000 08:07 268271                     /lib/x86_64-linux-gnu/libm-2.27.so
7fb060412000-7fb061038000 r-xp 00000000 08:07 829584                     /usr/local/android-studio/jre/jre/lib/amd64/server/libjvm.so
7fb061038000-7fb061108000 rw-p 00c26000 08:07 829584                     /usr/local/android-studio/jre/jre/lib/amd64/server/libjvm.so
7fb061108000-7fb06114c000 rw-p 00000000 00:00 0 
7fb06114c000-7fb061333000 r-xp 00000000 08:07 268208                     /lib/x86_64-linux-gnu/libc-2.27.so
7fb061333000-7fb061533000 ---p 001e7000 08:07 268208                     /lib/x86_64-linux-gnu/libc-2.27.so
7fb061533000-7fb061537000 r--p 001e7000 08:07 268208                     /lib/x86_64-linux-gnu/libc-2.27.so
7fb061537000-7fb061539000 rw-p 001eb000 08:07 268208                     /lib/x86_64-linux-gnu/libc-2.27.so
7fb061539000-7fb06153d000 rw-p 00000000 00:00 0 
7fb06153d000-7fb061540000 r-xp 00000000 08:07 268231                     /lib/x86_64-linux-gnu/libdl-2.27.so
7fb061540000-7fb06173f000 ---p 00003000 08:07 268231                     /lib/x86_64-linux-gnu/libdl-2.27.so
7fb06173f000-7fb061740000 r--p 00002000 08:07 268231                     /lib/x86_64-linux-gnu/libdl-2.27.so
7fb061740000-7fb061741000 rw-p 00003000 08:07 268231                     /lib/x86_64-linux-gnu/libdl-2.27.so
7fb061741000-7fb06175b000 r-xp 00000000 08:07 268341                     /lib/x86_64-linux-gnu/libpthread-2.27.so
7fb06175b000-7fb06195a000 ---p 0001a000 08:07 268341                     /lib/x86_64-linux-gnu/libpthread-2.27.so
7fb06195a000-7fb06195b000 r--p 00019000 08:07 268341                     /lib/x86_64-linux-gnu/libpthread-2.27.so
7fb06195b000-7fb06195c000 rw-p 0001a000 08:07 268341                     /lib/x86_64-linux-gnu/libpthread-2.27.so
7fb06195c000-7fb061960000 rw-p 00000000 00:00 0 
7fb061960000-7fb061987000 r-xp 00000000 08:07 268180                     /lib/x86_64-linux-gnu/ld-2.27.so
7fb061987000-7fb061989000 r--s 00003000 08:08 789922                     /home/reno/.gradle/caches/modules-2/files-2.1/org.jetbrains/annotations/13.0/919f0dfe192fb4e063e7dacadee7f8bb9a2672a9/annotations-13.0.jar
7fb061989000-7fb06198b000 r--s 00009000 08:08 540540                     /home/reno/.gradle/caches/modules-2/files-2.1/org.jetbrains.kotlin/kotlin-script-runtime/1.3.61/e5feb39c8de63dcbdc1154b34ca4413874231605/kotlin-script-runtime-1.3.61.jar
7fb06198b000-7fb061a0a000 rw-p 00000000 00:00 0 
7fb061a0a000-7fb061a25000 r-xp 00000000 08:07 829569                     /usr/local/android-studio/jre/jre/lib/amd64/libzip.so
7fb061a25000-7fb061a26000 rw-p 0001a000 08:07 829569                     /usr/local/android-studio/jre/jre/lib/amd64/libzip.so
7fb061a26000-7fb061a50000 r-xp 00000000 08:07 829577                     /usr/local/android-studio/jre/jre/lib/amd64/libjava.so
7fb061a50000-7fb061a52000 rw-p 0002a000 08:07 829577                     /usr/local/android-studio/jre/jre/lib/amd64/libjava.so
7fb061a52000-7fb061a53000 ---p 00000000 00:00 0 
7fb061a53000-7fb061a56000 ---p 00000000 00:00 0 
7fb061a56000-7fb061b55000 rw-p 00000000 00:00 0 
7fb061b55000-7fb061b6b000 r-xp 00000000 08:07 829557                     /usr/local/android-studio/jre/jre/lib/amd64/jli/libjli.so
7fb061b6b000-7fb061b6c000 rw-p 00015000 08:07 829557                     /usr/local/android-studio/jre/jre/lib/amd64/jli/libjli.so
7fb061b6c000-7fb061b6e000 rw-p 00000000 00:00 0 
7fb061b6e000-7fb061b76000 rw-s 00000000 08:07 4843                       /tmp/hsperfdata_reno/7729
7fb061b76000-7fb061b77000 rw-p 00000000 00:00 0 
7fb061b77000-7fb061b78000 ---p 00000000 00:00 0 
7fb061b78000-7fb061b85000 r-xp 00000000 08:07 829565                     /usr/local/android-studio/jre/jre/lib/amd64/libverify.so
7fb061b85000-7fb061b87000 rw-p 0000c000 08:07 829565                     /usr/local/android-studio/jre/jre/lib/amd64/libverify.so
7fb061b87000-7fb061b88000 r--p 00027000 08:07 268180                     /lib/x86_64-linux-gnu/ld-2.27.so
7fb061b88000-7fb061b89000 rw-p 00028000 08:07 268180                     /lib/x86_64-linux-gnu/ld-2.27.so
7fb061b89000-7fb061b8a000 rw-p 00000000 00:00 0 
7fffaae46000-7fffaae6e000 rw-p 00000000 00:00 0                          [stack]
7fffaaf77000-7fffaaf7a000 r--p 00000000 00:00 0                          [vvar]
7fffaaf7a000-7fffaaf7c000 r-xp 00000000 00:00 0                          [vdso]
ffffffffff600000-ffffffffff601000 r-xp 00000000 00:00 0                  [vsyscall]

VM Arguments:
java_command: org.jetbrains.kotlin.cli.jvm.K2JVMCompiler -Xallow-no-source-files -classpath /home/reno/.gradle/caches/modules-2/files-2.1/org.jetbrains.kotlin/kotlin-android-extensions-runtime/1.3.61/289bdf25b4886749e040c7a7d3aab8a57f85c631/kotlin-android-extensions-runtime-1.3.61.jar:/home/reno/.gradle/caches/modules-2/files-2.1/org.jetbrains.kotlin/kotlin-stdlib-jdk7/1.3.61/70dffc5f8ac5ea7c34f30deac5b9d8b1d48af066/kotlin-stdlib-jdk7-1.3.61.jar:/home/reno/.gradle/caches/transforms-2/files-2.1/27847e401f37c4ea964c5e983cfddf63/core-ktx-1.1.0-api.jar:/home/reno/.gradle/caches/modules-2/files-2.1/com.jakewharton.retrofit/retrofit2-kotlin-coroutines-adapter/0.9.2/b3bddf47b1016bfa9e1c5a2d81f8066b33770aec/retrofit2-kotlin-coroutines-adapter-0.9.2.jar:/home/reno/.gradle/caches/transforms-2/files-2.1/ebff6dde3f478118f09636aa1b408159/lifecycle-viewmodel-ktx-2.2.0-api.jar:/home/reno/.gradle/caches/transforms-2/files-2.1/87f359303d53b16ef9e351599ae68ff5/jetified-kotlinx-coroutines-android-1.3.3.jar:/home/reno/.gradle/caches/modules-2/files-2.1/org.jetbrains.kotlinx/kotlinx-coroutines-core/1.3.3/5bac48cf5828e9b006f3b1ef6e37d2a70c2e7321/kotlinx-coroutines-core-1.3.3.jar:/home/reno/.gradle/caches/modules-2/files-2.1/org.jetbrains.kotlin/kotlin-stdlib/1.3.61/4702105e97f7396ae41b113fdbdc180ec1eb1e36/kotlin-stdlib-1.3.61.jar:/home/reno/.gradle/caches/modules-2/files-2.1/org.jetbrains.kotlin/kotlin-stdlib-common/1.3.61/65abb71d5afb850b68be03987b08e2c864ca3110/kotlin-stdlib-common-1.3.61.jar:/home/reno/.gradle/caches/modules-2/files-2.1/org.jetbrains/annotations/13.0/919f0dfe192fb4e063e7dacadee7f8bb9a2672a9/annotations-13.0.jar:/home/reno/.gradle/caches/transforms-2/files-2.1/ea7e1ed8d2f2e0a39a29fcbe87543aa9/material-1.0.0-api.jar:/home/reno/.gradle/caches/transforms-2/files-2.1/64b7e14eb929d5605aae8d959f9874a3/appcompat-1.1.0-api.jar:/home/reno/.gradle/caches/transforms-2/files-2.1/c946752db86a39d919d48ab6518f511b/paging-runtime-2.1.1-api.jar:/home/reno/.gradle/caches/transforms-2/
java_class_path (initial): /home/reno/.gradle/caches/modules-2/files-2.1/org.jetbrains.kotlin/kotlin-compiler-embeddable/1.3.61/c35c0833d5a1e3d229359758482c480306724618/kotlin-compiler-embeddable-1.3.61.jar:/home/reno/.gradle/caches/modules-2/files-2.1/org.jetbrains.kotlin/kotlin-reflect/1.3.61/2e07c9a84c9e118efb70eede7e579fd663932122/kotlin-reflect-1.3.61.jar:/home/reno/.gradle/caches/modules-2/files-2.1/org.jetbrains.kotlin/kotlin-stdlib/1.3.61/4702105e97f7396ae41b113fdbdc180ec1eb1e36/kotlin-stdlib-1.3.61.jar:/home/reno/.gradle/caches/modules-2/files-2.1/org.jetbrains.kotlin/kotlin-script-runtime/1.3.61/e5feb39c8de63dcbdc1154b34ca4413874231605/kotlin-script-runtime-1.3.61.jar:/home/reno/.gradle/caches/modules-2/files-2.1/org.jetbrains.kotlin/kotlin-daemon-embeddable/1.3.61/4de83e41a92c8395d89ab2e81d26b788ba163824/kotlin-daemon-embeddable-1.3.61.jar:/home/reno/.gradle/caches/modules-2/files-2.1/org.jetbrains.intellij.deps/trove4j/1.0.20181211/216c2e14b070f334479d800987affe4054cd563f/trove4j-1.0.20181211.jar:/home/reno/.gradle/caches/modules-2/files-2.1/org.jetbrains.kotlin/kotlin-stdlib-common/1.3.61/65abb71d5afb850b68be03987b08e2c864ca3110/kotlin-stdlib-common-1.3.61.jar:/home/reno/.gradle/caches/modules-2/files-2.1/org.jetbrains/annotations/13.0/919f0dfe192fb4e063e7dacadee7f8bb9a2672a9/annotations-13.0.jar:/usr/local/android-studio/jre/lib/tools.jar
Launcher Type: SUN_STANDARD

Environment Variables:
PATH=/usr/local/sbin:/usr/local/bin:/usr/sbin:/usr/bin:/sbin:/bin:/usr/games:/usr/local/games:/snap/bin
SHELL=/bin/bash
DISPLAY=:0

Signal Handlers:
SIGSEGV: [libjvm.so+0xa09650], sa_mask[0]=11111111011111111101111111111110, sa_flags=SA_RESTART|SA_SIGINFO
SIGBUS: [libjvm.so+0xa09650], sa_mask[0]=11111111011111111101111111111110, sa_flags=SA_RESTART|SA_SIGINFO
SIGFPE: [libjvm.so+0x86bc60], sa_mask[0]=11111111011111111101111111111110, sa_flags=SA_RESTART|SA_SIGINFO
SIGPIPE: [libjvm.so+0x86bc60], sa_mask[0]=11111111011111111101111111111110, sa_flags=SA_RESTART|SA_SIGINFO
SIGXFSZ: [libjvm.so+0x86bc60], sa_mask[0]=11111111011111111101111111111110, sa_flags=SA_RESTART|SA_SIGINFO
SIGILL: [libjvm.so+0x86bc60], sa_mask[0]=11111111011111111101111111111110, sa_flags=SA_RESTART|SA_SIGINFO
SIGUSR1: SIG_DFL, sa_mask[0]=00000000000000000000000000000000, sa_flags=none
SIGUSR2: [libjvm.so+0x86bb30], sa_mask[0]=00100000000000000000000000000000, sa_flags=SA_RESTART|SA_SIGINFO
SIGHUP: [libjvm.so+0x86bd20], sa_mask[0]=11111111011111111101111111111110, sa_flags=SA_RESTART|SA_SIGINFO
SIGINT: [libjvm.so+0x86bd20], sa_mask[0]=11111111011111111101111111111110, sa_flags=SA_RESTART|SA_SIGINFO
SIGTERM: [libjvm.so+0x86bd20], sa_mask[0]=11111111011111111101111111111110, sa_flags=SA_RESTART|SA_SIGINFO
SIGQUIT: [libjvm.so+0x86bd20], sa_mask[0]=11111111011111111101111111111110, sa_flags=SA_RESTART|SA_SIGINFO


---------------  S Y S T E M  ---------------

OS:DISTRIB_ID=LinuxMint
DISTRIB_RELEASE=19.1
DISTRIB_CODENAME=tessa
DISTRIB_DESCRIPTION="Linux Mint 19.1 Tessa"

uname:Linux 4.15.0-20-generic #21-Ubuntu SMP Tue Apr 24 06:16:15 UTC 2018 x86_64
libc:glibc 2.27 NPTL 2.27 
rlimit: STACK 8192k, CORE 0k, NPROC 6313, NOFILE 1048576, AS infinity
load average:4,61 2,05 2,20

/proc/meminfo:
MemTotal:        1857204 kB
MemFree:           78196 kB
MemAvailable:          0 kB
Buffers:             620 kB
Cached:            58744 kB
SwapCached:           20 kB
Active:          1217552 kB
Inactive:         408872 kB
Active(anon):    1215352 kB
Inactive(anon):   405200 kB
Active(file):       2200 kB
Inactive(file):     3672 kB
Unevictable:          32 kB
Mlocked:              32 kB
SwapTotal:       3906556 kB
SwapFree:              0 kB
Dirty:                36 kB
Writeback:             0 kB
AnonPages:       1567480 kB
Mapped:             3856 kB
Shmem:             53140 kB
Slab:              71820 kB
SReclaimable:      36948 kB
SUnreclaim:        34872 kB
KernelStack:        8448 kB
PageTables:        38716 kB
NFS_Unstable:          0 kB
Bounce:                0 kB
WritebackTmp:          0 kB
CommitLimit:     4835156 kB
Committed_AS:    7748620 kB
VmallocTotal:   34359738367 kB
VmallocUsed:           0 kB
VmallocChunk:          0 kB
HardwareCorrupted:     0 kB
AnonHugePages:         0 kB
ShmemHugePages:        0 kB
ShmemPmdMapped:        0 kB
CmaTotal:              0 kB
CmaFree:               0 kB
HugePages_Total:       0
HugePages_Free:        0
HugePages_Rsvd:        0
HugePages_Surp:        0
Hugepagesize:       2048 kB
DirectMap4k:      110848 kB
DirectMap2M:     1869824 kB

container (cgroup) information:
container_type: cgroupv1
cpu_cpuset_cpus: 0-1
cpu_memory_nodes: 0
active_processor_count: 2
cpu_quota: -1
cpu_period: 100000
cpu_shares: -1
memory_limit_in_bytes: -1
memory_and_swap_limit_in_bytes: -2
memory_soft_limit_in_bytes: -1
memory_usage_in_bytes: 1668284416
memory_max_usage_in_bytes: 3891200


CPU:total 2 (initial active 2) (2 cores per cpu, 1 threads per core) family 6 model 58 stepping 9, cmov, cx8, fxsr, mmx, sse, sse2, sse3, ssse3, sse4.1, sse4.2, popcnt, clmul, erms, tsc, tscinvbit, tscinv

/proc/cpuinfo:
processor	: 0
vendor_id	: GenuineIntel
cpu family	: 6
model		: 58
model name	: Intel(R) Celeron(R) CPU 1007U @ 1.50GHz
stepping	: 9
microcode	: 0x17
cpu MHz		: 1473.568
cache size	: 2048 KB
physical id	: 0
siblings	: 2
core id		: 0
cpu cores	: 2
apicid		: 0
initial apicid	: 0
fpu		: yes
fpu_exception	: yes
cpuid level	: 13
wp		: yes
flags		: fpu vme de pse tsc msr pae mce cx8 apic sep mtrr pge mca cmov pat pse36 clflush dts acpi mmx fxsr sse sse2 ss ht tm pbe syscall nx rdtscp lm constant_tsc arch_perfmon pebs bts rep_good nopl xtopology nonstop_tsc cpuid aperfmperf pni pclmulqdq dtes64 monitor ds_cpl vmx est tm2 ssse3 cx16 xtpr pdcm pcid sse4_1 sse4_2 x2apic popcnt tsc_deadline_timer xsave lahf_lm cpuid_fault epb pti tpr_shadow vnmi flexpriority ept vpid fsgsbase smep erms xsaveopt dtherm arat pln pts
bugs		: cpu_meltdown spectre_v1 spectre_v2
bogomips	: 2993.39
clflush size	: 64
cache_alignment	: 64
address sizes	: 36 bits physical, 48 bits virtual
power management:

processor	: 1
vendor_id	: GenuineIntel
cpu family	: 6
model		: 58
model name	: Intel(R) Celeron(R) CPU 1007U @ 1.50GHz
stepping	: 9
microcode	: 0x17
cpu MHz		: 1484.494
cache size	: 2048 KB
physical id	: 0
siblings	: 2
core id		: 1
cpu cores	: 2
apicid		: 2
initial apicid	: 2
fpu		: yes
fpu_exception	: yes
cpuid level	: 13
wp		: yes
flags		: fpu vme de pse tsc msr pae mce cx8 apic sep mtrr pge mca cmov pat pse36 clflush dts acpi mmx fxsr sse sse2 ss ht tm pbe syscall nx rdtscp lm constant_tsc arch_perfmon pebs bts rep_good nopl xtopology nonstop_tsc cpuid aperfmperf pni pclmulqdq dtes64 monitor ds_cpl vmx est tm2 ssse3 cx16 xtpr pdcm pcid sse4_1 sse4_2 x2apic popcnt tsc_deadline_timer xsave lahf_lm cpuid_fault epb pti tpr_shadow vnmi flexpriority ept vpid fsgsbase smep erms xsaveopt dtherm arat pln pts
bugs		: cpu_meltdown spectre_v1 spectre_v2
bogomips	: 2993.39
clflush size	: 64
cache_alignment	: 64
address sizes	: 36 bits physical, 48 bits virtual
power management:



Memory: 4k page, physical 1857204k(74604k free), swap 3906556k(0k free)

vm_info: OpenJDK 64-Bit Server VM (25.202-b49-5587405) for linux-amd64 JRE (1.8.0_202-release-1483-b49-5587405), built by "android-build" with gcc 4.8

time: Sat Feb  1 09:12:13 2020
timezone: WIB
elapsed time: 13 seconds (0d 0h 0m 13s)

